-------- Plugin Loading Log ------------

Clearing the plugin cache from the registry. Existing version: 0, current version: 53

Loading from root path: /Applications/Adobe Media Encoder 2025/Adobe Media Encoder 2025.app/Contents/PlugIns/en_US/
Scanning for the following file types: *.bundle, *.plugin, *.prmp, *.vst

Scanning /Applications/Adobe Media Encoder 2025/Adobe Media Encoder 2025.app/Contents/PlugIns/en_US/ and sub-directories

Loading from root path: /Applications/Adobe Media Encoder 2025/Adobe Media Encoder 2025.app/Contents/PlugIns/Common/
Scanning for the following file types: *.bundle, *.plugin, *.prmp, *.vst

Begin PluginNameList::AddFolder /Applications/Adobe Media Encoder 2025/Adobe Media Encoder 2025.app/Contents/PlugIns/Common/ 0
PluginNameList::AddFilePath - added "/Applications/Adobe Media Encoder 2025/Adobe Media Encoder 2025.app/Contents/PlugIns/Common/ImporterMPEG.bundle" 0
PluginNameList::AddFilePath - added "/Applications/Adobe Media Encoder 2025/Adobe Media Encoder 2025.app/Contents/PlugIns/Common/MPEGSourceSettings.bundle" 0
PluginNameList::AddFilePath - added "/Applications/Adobe Media Encoder 2025/Adobe Media Encoder 2025.app/Contents/PlugIns/Common/AEFilterTurbulentDisplace.bundle" 0
PluginNameList::AddFilePath - added "/Applications/Adobe Media Encoder 2025/Adobe Media Encoder 2025.app/Contents/PlugIns/Common/AEFilterGradient_Wipe.bundle" 0
PluginNameList::AddFilePath - added "/Applications/Adobe Media Encoder 2025/Adobe Media Encoder 2025.app/Contents/PlugIns/Common/ImporterRED.bundle" 0
PluginNameList::AddFilePath - added "/Applications/Adobe Media Encoder 2025/Adobe Media Encoder 2025.app/Contents/PlugIns/Common/ExporterGIF.bundle" 0
PluginNameList::AddFilePath - added "/Applications/Adobe Media Encoder 2025/Adobe Media Encoder 2025.app/Contents/PlugIns/Common/ImporterSVG.bundle" 0
PluginNameList::AddFilePath - added "/Applications/Adobe Media Encoder 2025/Adobe Media Encoder 2025.app/Contents/PlugIns/Common/AEFilterUltraKey.bundle" 0
PluginNameList::AddFilePath - added "/Applications/Adobe Media Encoder 2025/Adobe Media Encoder 2025.app/Contents/PlugIns/Common/ImporterLumetri.bundle" 0
PluginNameList::AddFilePath - added "/Applications/Adobe Media Encoder 2025/Adobe Media Encoder 2025.app/Contents/PlugIns/Common/AEFilterGraphicGroup.bundle" 0
PluginNameList::AddFilePath - added "/Applications/Adobe Media Encoder 2025/Adobe Media Encoder 2025.app/Contents/PlugIns/Common/ImporterImageIO.bundle" 0
PluginNameList::AddFilePath - added "/Applications/Adobe Media Encoder 2025/Adobe Media Encoder 2025.app/Contents/PlugIns/Common/AEFilterCenterSplit.bundle" 0
PluginNameList::AddFilePath - added "/Applications/Adobe Media Encoder 2025/Adobe Media Encoder 2025.app/Contents/PlugIns/Common/AEFilterLinear_Wipe.bundle" 0
PluginNameList::AddFilePath - added "/Applications/Adobe Media Encoder 2025/Adobe Media Encoder 2025.app/Contents/PlugIns/Common/ImporterAIDE.bundle" 0
PluginNameList::AddFilePath - added "/Applications/Adobe Media Encoder 2025/Adobe Media Encoder 2025.app/Contents/PlugIns/Common/AEFilterTwirl.bundle" 0
PluginNameList::AddFilePath - added "/Applications/Adobe Media Encoder 2025/Adobe Media Encoder 2025.app/Contents/PlugIns/Common/ExporterDPX.bundle" 0
PluginNameList::AddFilePath - added "/Applications/Adobe Media Encoder 2025/Adobe Media Encoder 2025.app/Contents/PlugIns/Common/ImporterMP4.bundle" 0
PluginNameList::AddFilePath - added "/Applications/Adobe Media Encoder 2025/Adobe Media Encoder 2025.app/Contents/PlugIns/Common/AEFilterAlphaAdjust.bundle" 0
PluginNameList::AddFilePath - added "/Applications/Adobe Media Encoder 2025/Adobe Media Encoder 2025.app/Contents/PlugIns/Common/AEFilterVRProject2D.bundle" 0
PluginNameList::AddFilePath - added "/Applications/Adobe Media Encoder 2025/Adobe Media Encoder 2025.app/Contents/PlugIns/Common/AEFilterRadial_Wipe.bundle" 0
PluginNameList::AddFilePath - added "/Applications/Adobe Media Encoder 2025/Adobe Media Encoder 2025.app/Contents/PlugIns/Common/AEFilterChangeToColor.bundle" 0
PluginNameList::AddFilePath - added "/Applications/Adobe Media Encoder 2025/Adobe Media Encoder 2025.app/Contents/PlugIns/Common/AEFilterRGBCurves.bundle" 0
PluginNameList::AddFilePath - added "/Applications/Adobe Media Encoder 2025/Adobe Media Encoder 2025.app/Contents/PlugIns/Common/FCPXProjectConverter.bundle" 0
PluginNameList::AddFilePath - added "/Applications/Adobe Media Encoder 2025/Adobe Media Encoder 2025.app/Contents/PlugIns/Common/AEFilterEcho.bundle" 0
PluginNameList::AddFilePath - added "/Applications/Adobe Media Encoder 2025/Adobe Media Encoder 2025.app/Contents/PlugIns/Common/AEFilterRamp.bundle" 0
PluginNameList::AddFilePath - added "/Applications/Adobe Media Encoder 2025/Adobe Media Encoder 2025.app/Contents/PlugIns/Common/F65SourceSettings.bundle" 0
PluginNameList::AddFilePath - added "/Applications/Adobe Media Encoder 2025/Adobe Media Encoder 2025.app/Contents/PlugIns/Common/AEFilterNonRedKey.bundle" 0
PluginNameList::AddFilePath - added "/Applications/Adobe Media Encoder 2025/Adobe Media Encoder 2025.app/Contents/PlugIns/Common/AEFilterLightingEffect.bundle" 0
PluginNameList::AddFilePath - added "/Applications/Adobe Media Encoder 2025/Adobe Media Encoder 2025.app/Contents/PlugIns/Common/AEFilterGarbageMatte8.bundle" 0
PluginNameList::AddFilePath - added "/Applications/Adobe Media Encoder 2025/Adobe Media Encoder 2025.app/Contents/PlugIns/Common/ExporterMP3.bundle" 0
PluginNameList::AddFilePath - added "/Applications/Adobe Media Encoder 2025/Adobe Media Encoder 2025.app/Contents/PlugIns/Common/AEFilterColor_HLS.bundle" 0
PluginNameList::AddFilePath - added "/Applications/Adobe Media Encoder 2025/Adobe Media Encoder 2025.app/Contents/PlugIns/Common/AEFilterVerticalFlip.bundle" 0
PluginNameList::AddFilePath - added "/Applications/Adobe Media Encoder 2025/Adobe Media Encoder 2025.app/Contents/PlugIns/Common/AEFilterBroadcast_Colors.bundle" 0
PluginNameList::AddFilePath - added "/Applications/Adobe Media Encoder 2025/Adobe Media Encoder 2025.app/Contents/PlugIns/Common/AEFilterWave_Warp.bundle" 0
PluginNameList::AddFilePath - added "/Applications/Adobe Media Encoder 2025/Adobe Media Encoder 2025.app/Contents/PlugIns/Common/AEFilterVenetian_Blinds.bundle" 0
PluginNameList::AddFilePath - added "/Applications/Adobe Media Encoder 2025/Adobe Media Encoder 2025.app/Contents/PlugIns/Common/AEFilterLumetri.bundle" 0
PluginNameList::AddFilePath - added "/Applications/Adobe Media Encoder 2025/Adobe Media Encoder 2025.app/Contents/PlugIns/Common/OpenEXR Premiere.bundle" 0
PluginNameList::AddFilePath - added "/Applications/Adobe Media Encoder 2025/Adobe Media Encoder 2025.app/Contents/PlugIns/Common/AEFilterBevel_Edges.bundle" 0
PluginNameList::AddFilePath - added "/Applications/Adobe Media Encoder 2025/Adobe Media Encoder 2025.app/Contents/PlugIns/Common/AEAutoLevels.bundle" 0
PluginNameList::AddFilePath - added "/Applications/Adobe Media Encoder 2025/Adobe Media Encoder 2025.app/Contents/PlugIns/Common/AEFilterVRLightRays.bundle" 0
PluginNameList::AddFilePath - added "/Applications/Adobe Media Encoder 2025/Adobe Media Encoder 2025.app/Contents/PlugIns/Common/AEFilterVRGaussianBlur.bundle" 0
PluginNameList::AddFilePath - added "/Applications/Adobe Media Encoder 2025/Adobe Media Encoder 2025.app/Contents/PlugIns/Common/ImporterGraphics.bundle" 0
PluginNameList::AddFilePath - added "/Applications/Adobe Media Encoder 2025/Adobe Media Encoder 2025.app/Contents/PlugIns/Common/ProResRawSourceSettings.bundle" 0
PluginNameList::AddFilePath - added "/Applications/Adobe Media Encoder 2025/Adobe Media Encoder 2025.app/Contents/PlugIns/Common/AEFilterEqualize.bundle" 0
PluginNameList::AddFilePath - added "/Applications/Adobe Media Encoder 2025/Adobe Media Encoder 2025.app/Contents/PlugIns/Common/ImporterMXF.bundle" 0
PluginNameList::AddFilePath - added "/Applications/Adobe Media Encoder 2025/Adobe Media Encoder 2025.app/Contents/PlugIns/Common/AEFilterShape.bundle" 0
PluginNameList::AddFilePath - added "/Applications/Adobe Media Encoder 2025/Adobe Media Encoder 2025.app/Contents/PlugIns/Common/AEFilterCheckerboard.bundle" 0
PluginNameList::AddFilePath - added "/Applications/Adobe Media Encoder 2025/Adobe Media Encoder 2025.app/Contents/PlugIns/Common/ExporterP2.bundle" 0
PluginNameList::AddFilePath - added "/Applications/Adobe Media Encoder 2025/Adobe Media Encoder 2025.app/Contents/PlugIns/Common/AEFilterInset.bundle" 0
PluginNameList::AddFilePath - added "/Applications/Adobe Media Encoder 2025/Adobe Media Encoder 2025.app/Contents/PlugIns/Common/AEFilterBlock_Dissolve.bundle" 0
PluginNameList::AddFilePath - added "/Applications/Adobe Media Encoder 2025/Adobe Media Encoder 2025.app/Contents/PlugIns/Common/AEFilterUnsharp_Mask.bundle" 0
PluginNameList::AddFilePath - added "/Applications/Adobe Media Encoder 2025/Adobe Media Encoder 2025.app/Contents/PlugIns/Common/AEFilterVRGlow.bundle" 0
PluginNameList::AddFilePath - added "/Applications/Adobe Media Encoder 2025/Adobe Media Encoder 2025.app/Contents/PlugIns/Common/ImporterXDCAMEX.bundle" 0
PluginNameList::AddFilePath - added "/Applications/Adobe Media Encoder 2025/Adobe Media Encoder 2025.app/Contents/PlugIns/Common/AEFilterMedian.bundle" 0
PluginNameList::AddFilePath - added "/Applications/Adobe Media Encoder 2025/Adobe Media Encoder 2025.app/Contents/PlugIns/Common/AEFilterSet_Matte.bundle" 0
PluginNameList::AddFilePath - added "/Applications/Adobe Media Encoder 2025/Adobe Media Encoder 2025.app/Contents/PlugIns/Common/ImporterFFMPEG.bundle" 0
PluginNameList::AddFilePath - added "/Applications/Adobe Media Encoder 2025/Adobe Media Encoder 2025.app/Contents/PlugIns/Common/AEAutoColor.bundle" 0
PluginNameList::AddFilePath - added "/Applications/Adobe Media Encoder 2025/Adobe Media Encoder 2025.app/Contents/PlugIns/Common/ExporterTarga.bundle" 0
PluginNameList::AddFilePath - added "/Applications/Adobe Media Encoder 2025/Adobe Media Encoder 2025.app/Contents/PlugIns/Common/AEFilterCrossDissolve.bundle" 0
PluginNameList::AddFilePath - added "/Applications/Adobe Media Encoder 2025/Adobe Media Encoder 2025.app/Contents/PlugIns/Common/AEFilterSpherize.bundle" 0
PluginNameList::AddFilePath - added "/Applications/Adobe Media Encoder 2025/Adobe Media Encoder 2025.app/Contents/PlugIns/Common/AEFilterDirectionalBlur.bundle" 0
PluginNameList::AddFilePath - added "/Applications/Adobe Media Encoder 2025/Adobe Media Encoder 2025.app/Contents/PlugIns/Common/AEFilterVRSphericalBlur.bundle" 0
PluginNameList::AddFilePath - added "/Applications/Adobe Media Encoder 2025/Adobe Media Encoder 2025.app/Contents/PlugIns/Common/AEFilterDipToWhite.bundle" 0
PluginNameList::AddFilePath - added "/Applications/Adobe Media Encoder 2025/Adobe Media Encoder 2025.app/Contents/PlugIns/Common/AEFilterDifference.bundle" 0
PluginNameList::AddFilePath - added "/Applications/Adobe Media Encoder 2025/Adobe Media Encoder 2025.app/Contents/PlugIns/Common/AEFilterSplit.bundle" 0
PluginNameList::AddFilePath - added "/Applications/Adobe Media Encoder 2025/Adobe Media Encoder 2025.app/Contents/PlugIns/Common/ExporterXDCAMHD.bundle" 0
PluginNameList::AddFilePath - added "/Applications/Adobe Media Encoder 2025/Adobe Media Encoder 2025.app/Contents/PlugIns/Common/AEFilterMirror.bundle" 0
PluginNameList::AddFilePath - added "/Applications/Adobe Media Encoder 2025/Adobe Media Encoder 2025.app/Contents/PlugIns/Common/AEFilterNoise.bundle" 0
PluginNameList::AddFilePath - added "/Applications/Adobe Media Encoder 2025/Adobe Media Encoder 2025.app/Contents/PlugIns/Common/AEFilterRoughenEdges.bundle" 0
PluginNameList::AddFilePath - added "/Applications/Adobe Media Encoder 2025/Adobe Media Encoder 2025.app/Contents/PlugIns/Common/AEFilterBevel_Alpha.bundle" 0
PluginNameList::AddFilePath - added "/Applications/Adobe Media Encoder 2025/Adobe Media Encoder 2025.app/Contents/PlugIns/Common/AEFilterVRChromaLeaks.bundle" 0
PluginNameList::AddFilePath - added "/Applications/Adobe Media Encoder 2025/Adobe Media Encoder 2025.app/Contents/PlugIns/Common/AEAutoContrast.bundle" 0
PluginNameList::AddFilePath - added "/Applications/Adobe Media Encoder 2025/Adobe Media Encoder 2025.app/Contents/PlugIns/Common/ImporterLeader.bundle" 0
PluginNameList::AddFilePath - added "/Applications/Adobe Media Encoder 2025/Adobe Media Encoder 2025.app/Contents/PlugIns/Common/AEFilterLumaCorrector.bundle" 0
PluginNameList::AddFilePath - added "/Applications/Adobe Media Encoder 2025/Adobe Media Encoder 2025.app/Contents/PlugIns/Common/AEFilterMagnify.bundle" 0
PluginNameList::AddFilePath - added "/Applications/Adobe Media Encoder 2025/Adobe Media Encoder 2025.app/Contents/PlugIns/Common/AEFilterCompound_Blur.bundle" 0
PluginNameList::AddFilePath - added "/Applications/Adobe Media Encoder 2025/Adobe Media Encoder 2025.app/Contents/PlugIns/Common/AEFilterVRRotateSphere.bundle" 0
PluginNameList::AddFilePath - added "/Applications/Adobe Media Encoder 2025/Adobe Media Encoder 2025.app/Contents/PlugIns/Common/AEFilterRollingShutter.bundle" 0
PluginNameList::AddFilePath - added "/Applications/Adobe Media Encoder 2025/Adobe Media Encoder 2025.app/Contents/PlugIns/Common/AEFilterColorThreeWay.bundle" 0
PluginNameList::AddFilePath - added "/Applications/Adobe Media Encoder 2025/Adobe Media Encoder 2025.app/Contents/PlugIns/Common/ExporterWave.bundle" 0
PluginNameList::AddFilePath - added "/Applications/Adobe Media Encoder 2025/Adobe Media Encoder 2025.app/Contents/PlugIns/Common/AEFilterClipName.bundle" 0
PluginNameList::AddFilePath - added "/Applications/Adobe Media Encoder 2025/Adobe Media Encoder 2025.app/Contents/PlugIns/Common/ImporterQuickTime.bundle" 0
PluginNameList::AddFilePath - added "/Applications/Adobe Media Encoder 2025/Adobe Media Encoder 2025.app/Contents/PlugIns/Common/AEFilterVRIrisWipe.bundle" 0
PluginNameList::AddFilePath - added "/Applications/Adobe Media Encoder 2025/Adobe Media Encoder 2025.app/Contents/PlugIns/Common/ExporterTIFF.bundle" 0
PluginNameList::AddFilePath - added "/Applications/Adobe Media Encoder 2025/Adobe Media Encoder 2025.app/Contents/PlugIns/Common/AEFilterArithmetic.bundle" 0
PluginNameList::AddFilePath - added "/Applications/Adobe Media Encoder 2025/Adobe Media Encoder 2025.app/Contents/PlugIns/Common/AEFilterPaintBucket.bundle" 0
PluginNameList::AddFilePath - added "/Applications/Adobe Media Encoder 2025/Adobe Media Encoder 2025.app/Contents/PlugIns/Common/AEFilterFast_Blur.bundle" 0
PluginNameList::AddFilePath - added "/Applications/Adobe Media Encoder 2025/Adobe Media Encoder 2025.app/Contents/PlugIns/Common/ImporterTarga.bundle" 0
PluginNameList::AddFilePath - added "/Applications/Adobe Media Encoder 2025/Adobe Media Encoder 2025.app/Contents/PlugIns/Common/ImporterPNG.bundle" 0
PluginNameList::AddFilePath - added "/Applications/Adobe Media Encoder 2025/Adobe Media Encoder 2025.app/Contents/PlugIns/Common/ImporterJPEG.bundle" 0
PluginNameList::AddFilePath - added "/Applications/Adobe Media Encoder 2025/Adobe Media Encoder 2025.app/Contents/PlugIns/Common/ExporterAIFF.bundle" 0
PluginNameList::AddFilePath - added "/Applications/Adobe Media Encoder 2025/Adobe Media Encoder 2025.app/Contents/PlugIns/Common/ImporterSyntheticTranscript.bundle" 0
PluginNameList::AddFilePath - added "/Applications/Adobe Media Encoder 2025/Adobe Media Encoder 2025.app/Contents/PlugIns/Common/AEFilterGarbageMatte16.bundle" 0
PluginNameList::AddFilePath - added "/Applications/Adobe Media Encoder 2025/Adobe Media Encoder 2025.app/Contents/PlugIns/Common/AEFilterReplicate.bundle" 0
PluginNameList::AddFilePath - added "/Applications/Adobe Media Encoder 2025/Adobe Media Encoder 2025.app/Contents/PlugIns/Common/AEFilterVRMobius.bundle" 0
PluginNameList::AddFilePath - added "/Applications/Adobe Media Encoder 2025/Adobe Media Encoder 2025.app/Contents/PlugIns/Common/AEFilterNoiseHLSAuto.bundle" 0
PluginNameList::AddFilePath - added "/Applications/Adobe Media Encoder 2025/Adobe Media Encoder 2025.app/Contents/PlugIns/Common/AEFilterChannel_Mixer.bundle" 0
PluginNameList::AddFilePath - added "/Applications/Adobe Media Encoder 2025/Adobe Media Encoder 2025.app/Contents/PlugIns/Common/Motion.bundle" 0
PluginNameList::AddFilePath - added "/Applications/Adobe Media Encoder 2025/Adobe Media Encoder 2025.app/Contents/PlugIns/Common/ArriRawMXFSourceSettings.bundle" 0
PluginNameList::AddFilePath - added "/Applications/Adobe Media Encoder 2025/Adobe Media Encoder 2025.app/Contents/PlugIns/Common/AEFilterAlphaGlow.bundle" 0
PluginNameList::AddFilePath - added "/Applications/Adobe Media Encoder 2025/Adobe Media Encoder 2025.app/Contents/PlugIns/Common/AEFilterCineonEffect.bundle" 0
PluginNameList::AddFilePath - added "/Applications/Adobe Media Encoder 2025/Adobe Media Encoder 2025.app/Contents/PlugIns/Common/ImporterSyntheticCaption.bundle" 0
PluginNameList::AddFilePath - added "/Applications/Adobe Media Encoder 2025/Adobe Media Encoder 2025.app/Contents/PlugIns/Common/AEFilterPosterize.bundle" 0
PluginNameList::AddFilePath - added "/Applications/Adobe Media Encoder 2025/Adobe Media Encoder 2025.app/Contents/PlugIns/Common/AEFilterTransform.bundle" 0
PluginNameList::AddFilePath - added "/Applications/Adobe Media Encoder 2025/Adobe Media Encoder 2025.app/Contents/PlugIns/Common/AEFilterOffset.bundle" 0
PluginNameList::AddFilePath - added "/Applications/Adobe Media Encoder 2025/Adobe Media Encoder 2025.app/Contents/PlugIns/Common/AEFilterColorTexture.bundle" 0
PluginNameList::AddFilePath - added "/Applications/Adobe Media Encoder 2025/Adobe Media Encoder 2025.app/Contents/PlugIns/Common/AEFilterVRLightLeaks.bundle" 0
PluginNameList::AddFilePath - added "/Applications/Adobe Media Encoder 2025/Adobe Media Encoder 2025.app/Contents/PlugIns/Common/CanonRawSourceSettings.bundle" 0
PluginNameList::AddFilePath - added "/Applications/Adobe Media Encoder 2025/Adobe Media Encoder 2025.app/Contents/PlugIns/Common/AEFilterColorFast.bundle" 0
PluginNameList::AddFilePath - added "/Applications/Adobe Media Encoder 2025/Adobe Media Encoder 2025.app/Contents/PlugIns/Common/AEFilterASCCDL.bundle" 0
PluginNameList::AddFilePath - added "/Applications/Adobe Media Encoder 2025/Adobe Media Encoder 2025.app/Contents/PlugIns/Common/AEFilterVRGradientWipe.bundle" 0
PluginNameList::AddFilePath - added "/Applications/Adobe Media Encoder 2025/Adobe Media Encoder 2025.app/Contents/PlugIns/Common/AEFilterText.bundle" 0
PluginNameList::AddFilePath - added "/Applications/Adobe Media Encoder 2025/Adobe Media Encoder 2025.app/Contents/PlugIns/Common/AEFilterLightning.bundle" 0
PluginNameList::AddFilePath - added "/Applications/Adobe Media Encoder 2025/Adobe Media Encoder 2025.app/Contents/PlugIns/Common/AEFilterGaussianBlur.bundle" 0
PluginNameList::AddFilePath - added "/Applications/Adobe Media Encoder 2025/Adobe Media Encoder 2025.app/Contents/PlugIns/Common/AEFilterNoiseHLS.bundle" 0
PluginNameList::AddFilePath - added "/Applications/Adobe Media Encoder 2025/Adobe Media Encoder 2025.app/Contents/PlugIns/Common/AEFilterColor_Emboss.bundle" 0
PluginNameList::AddFilePath - added "/Applications/Adobe Media Encoder 2025/Adobe Media Encoder 2025.app/Contents/PlugIns/Common/AEFilterProcAmp.bundle" 0
PluginNameList::AddFilePath - added "/Applications/Adobe Media Encoder 2025/Adobe Media Encoder 2025.app/Contents/PlugIns/Common/AEFilterDigitalVideoLimiter.bundle" 0
PluginNameList::AddFilePath - added "/Applications/Adobe Media Encoder 2025/Adobe Media Encoder 2025.app/Contents/PlugIns/Common/AEFilterBlackAndWhite.bundle" 0
PluginNameList::AddFilePath - added "/Applications/Adobe Media Encoder 2025/Adobe Media Encoder 2025.app/Contents/PlugIns/Common/AEFilterChange_Color.bundle" 0
PluginNameList::AddFilePath - added "/Applications/Adobe Media Encoder 2025/Adobe Media Encoder 2025.app/Contents/PlugIns/Common/AEFilterWhip.bundle" 0
PluginNameList::AddFilePath - added "/Applications/Adobe Media Encoder 2025/Adobe Media Encoder 2025.app/Contents/PlugIns/Common/ImporterFastMPEG.bundle" 0
PluginNameList::AddFilePath - added "/Applications/Adobe Media Encoder 2025/Adobe Media Encoder 2025.app/Contents/PlugIns/Common/AEFilterCalculations.bundle" 0
PluginNameList::AddFilePath - added "/Applications/Adobe Media Encoder 2025/Adobe Media Encoder 2025.app/Contents/PlugIns/Common/AEFilterRemoveMatte.bundle" 0
PluginNameList::AddFilePath - added "/Applications/Adobe Media Encoder 2025/Adobe Media Encoder 2025.app/Contents/PlugIns/Common/AEFilterEmboss.bundle" 0
PluginNameList::AddFilePath - added "/Applications/Adobe Media Encoder 2025/Adobe Media Encoder 2025.app/Contents/PlugIns/Common/AEFilterGrid.bundle" 0
PluginNameList::AddFilePath - added "/Applications/Adobe Media Encoder 2025/Adobe Media Encoder 2025.app/Contents/PlugIns/Common/DPXSourceSettings.bundle" 0
PluginNameList::AddFilePath - added "/Applications/Adobe Media Encoder 2025/Adobe Media Encoder 2025.app/Contents/PlugIns/Common/AEFilterCrop.bundle" 0
PluginNameList::AddFilePath - added "/Applications/Adobe Media Encoder 2025/Adobe Media Encoder 2025.app/Contents/PlugIns/Common/ExporterPNG.bundle" 0
PluginNameList::AddFilePath - added "/Applications/Adobe Media Encoder 2025/Adobe Media Encoder 2025.app/Contents/PlugIns/Common/AEFilterVRColorGradient.bundle" 0
PluginNameList::AddFilePath - added "/Applications/Adobe Media Encoder 2025/Adobe Media Encoder 2025.app/Contents/PlugIns/Common/wraptor.bundle" 0
PluginNameList::AddFilePath - added "/Applications/Adobe Media Encoder 2025/Adobe Media Encoder 2025.app/Contents/PlugIns/Common/ImporterBarsAndTone.bundle" 0
PluginNameList::AddFilePath - added "/Applications/Adobe Media Encoder 2025/Adobe Media Encoder 2025.app/Contents/PlugIns/Common/AEFilterCircle.bundle" 0
PluginNameList::AddFilePath - added "/Applications/Adobe Media Encoder 2025/Adobe Media Encoder 2025.app/Contents/PlugIns/Common/ImporterBlackMatte.bundle" 0
PluginNameList::AddFilePath - added "/Applications/Adobe Media Encoder 2025/Adobe Media Encoder 2025.app/Contents/PlugIns/Common/ExporterMPEG4.bundle" 0
PluginNameList::AddFilePath - added "/Applications/Adobe Media Encoder 2025/Adobe Media Encoder 2025.app/Contents/PlugIns/Common/AEFilterMask2.bundle" 0
PluginNameList::AddFilePath - added "/Applications/Adobe Media Encoder 2025/Adobe Media Encoder 2025.app/Contents/PlugIns/Common/AEFilterColorRGBCorrector.bundle" 0
PluginNameList::AddFilePath - added "/Applications/Adobe Media Encoder 2025/Adobe Media Encoder 2025.app/Contents/PlugIns/Common/REDSourceSettings.bundle" 0
PluginNameList::AddFilePath - added "/Applications/Adobe Media Encoder 2025/Adobe Media Encoder 2025.app/Contents/PlugIns/Common/AEFilterFind_Edges.bundle" 0
PluginNameList::AddFilePath - added "/Applications/Adobe Media Encoder 2025/Adobe Media Encoder 2025.app/Contents/PlugIns/Common/AEFilterTint.bundle" 0
PluginNameList::AddFilePath - added "/Applications/Adobe Media Encoder 2025/Adobe Media Encoder 2025.app/Contents/PlugIns/Common/AEFilterCellPattern.bundle" 0
PluginNameList::AddFilePath - added "/Applications/Adobe Media Encoder 2025/Adobe Media Encoder 2025.app/Contents/PlugIns/Common/AEFilterVRDenoise.bundle" 0
PluginNameList::AddFilePath - added "/Applications/Adobe Media Encoder 2025/Adobe Media Encoder 2025.app/Contents/PlugIns/Common/AEFilterLeave_Color.bundle" 0
PluginNameList::AddFilePath - added "/Applications/Adobe Media Encoder 2025/Adobe Media Encoder 2025.app/Contents/PlugIns/Common/Opacity.bundle" 0
PluginNameList::AddFilePath - added "/Applications/Adobe Media Encoder 2025/Adobe Media Encoder 2025.app/Contents/PlugIns/Common/AEFilterPosterize_Time.bundle" 0
PluginNameList::AddFilePath - added "/Applications/Adobe Media Encoder 2025/Adobe Media Encoder 2025.app/Contents/PlugIns/Common/TransitionsMetaPlugin.prmp" 0
PluginNameList::AddFilePath - added "/Applications/Adobe Media Encoder 2025/Adobe Media Encoder 2025.app/Contents/PlugIns/Common/AEFilterVideoLimiter.bundle" 0
PluginNameList::AddFilePath - added "/Applications/Adobe Media Encoder 2025/Adobe Media Encoder 2025.app/Contents/PlugIns/Common/AEFilterLens_Flare.bundle" 0
PluginNameList::AddFilePath - added "/Applications/Adobe Media Encoder 2025/Adobe Media Encoder 2025.app/Contents/PlugIns/Common/AEFilterSDRConform.bundle" 0
PluginNameList::AddFilePath - added "/Applications/Adobe Media Encoder 2025/Adobe Media Encoder 2025.app/Contents/PlugIns/Common/AEFilterEyedropperFill.bundle" 0
PluginNameList::AddFilePath - added "/Applications/Adobe Media Encoder 2025/Adobe Media Encoder 2025.app/Contents/PlugIns/Common/AEFilterLumaKey.bundle" 0
PluginNameList::AddFilePath - added "/Applications/Adobe Media Encoder 2025/Adobe Media Encoder 2025.app/Contents/PlugIns/Common/SonyRawMXFSourceSettings.bundle" 0
PluginNameList::AddFilePath - added "/Applications/Adobe Media Encoder 2025/Adobe Media Encoder 2025.app/Contents/PlugIns/Common/AEShadowHighlight.bundle" 0
PluginNameList::AddFilePath - added "/Applications/Adobe Media Encoder 2025/Adobe Media Encoder 2025.app/Contents/PlugIns/Common/AEFilterMask.bundle" 0
PluginNameList::AddFilePath - added "/Applications/Adobe Media Encoder 2025/Adobe Media Encoder 2025.app/Contents/PlugIns/Common/AEFilterSharpen.bundle" 0
PluginNameList::AddFilePath - added "/Applications/Adobe Media Encoder 2025/Adobe Media Encoder 2025.app/Contents/PlugIns/Common/AEFilterB-C-2.bundle" 0
PluginNameList::AddFilePath - added "/Applications/Adobe Media Encoder 2025/Adobe Media Encoder 2025.app/Contents/PlugIns/Common/ExporterMPEGPreview.bundle" 0
PluginNameList::AddFilePath - added "/Applications/Adobe Media Encoder 2025/Adobe Media Encoder 2025.app/Contents/PlugIns/Common/AEFilterMetadata.bundle" 0
PluginNameList::AddFilePath - added "/Applications/Adobe Media Encoder 2025/Adobe Media Encoder 2025.app/Contents/PlugIns/Common/ImporterF65.bundle" 0
PluginNameList::AddFilePath - added "/Applications/Adobe Media Encoder 2025/Adobe Media Encoder 2025.app/Contents/PlugIns/Common/ImporterAIFF.bundle" 0
PluginNameList::AddFilePath - added "/Applications/Adobe Media Encoder 2025/Adobe Media Encoder 2025.app/Contents/PlugIns/Common/ExporterJPEG.bundle" 0
PluginNameList::AddFilePath - added "/Applications/Adobe Media Encoder 2025/Adobe Media Encoder 2025.app/Contents/PlugIns/Common/AEFilterCorner_Pin.bundle" 0
PluginNameList::AddFilePath - added "/Applications/Adobe Media Encoder 2025/Adobe Media Encoder 2025.app/Contents/PlugIns/Common/AEFilterEllipse.bundle" 0
PluginNameList::AddFilePath - added "/Applications/Adobe Media Encoder 2025/Adobe Media Encoder 2025.app/Contents/PlugIns/Common/AEFilterBasic_3D.bundle" 0
PluginNameList::AddFilePath - added "/Applications/Adobe Media Encoder 2025/Adobe Media Encoder 2025.app/Contents/PlugIns/Common/AEFilterNonAdditiveDissolve.bundle" 0
PluginNameList::AddFilePath - added "/Applications/Adobe Media Encoder 2025/Adobe Media Encoder 2025.app/Contents/PlugIns/Common/PremiereFiltersMetaPlugin.prmp" 0
PluginNameList::AddFilePath - added "/Applications/Adobe Media Encoder 2025/Adobe Media Encoder 2025.app/Contents/PlugIns/Common/ImporterTiff.bundle" 0
PluginNameList::AddFilePath - added "/Applications/Adobe Media Encoder 2025/Adobe Media Encoder 2025.app/Contents/PlugIns/Common/ImporterPhotoshopProxy.bundle" 0
PluginNameList::AddFilePath - added "/Applications/Adobe Media Encoder 2025/Adobe Media Encoder 2025.app/Contents/PlugIns/Common/AEFilterDrop_Shadow.bundle" 0
PluginNameList::AddFilePath - added "/Applications/Adobe Media Encoder 2025/Adobe Media Encoder 2025.app/Contents/PlugIns/Common/AEFilterHorizontalFlip.bundle" 0
PluginNameList::AddFilePath - added "/Applications/Adobe Media Encoder 2025/Adobe Media Encoder 2025.app/Contents/PlugIns/Common/AEFilterMosaic.bundle" 0
PluginNameList::AddFilePath - added "/Applications/Adobe Media Encoder 2025/Adobe Media Encoder 2025.app/Contents/PlugIns/Common/AEFilterColorsQuad.bundle" 0
PluginNameList::AddFilePath - added "/Applications/Adobe Media Encoder 2025/Adobe Media Encoder 2025.app/Contents/PlugIns/Common/AEFilterTimecode.bundle" 0
PluginNameList::AddFilePath - added "/Applications/Adobe Media Encoder 2025/Adobe Media Encoder 2025.app/Contents/PlugIns/Common/AEFilterThreshold.bundle" 0
PluginNameList::AddFilePath - added "/Applications/Adobe Media Encoder 2025/Adobe Media Encoder 2025.app/Contents/PlugIns/Common/AEFilterVRRandomBlocks.bundle" 0
PluginNameList::AddFilePath - added "/Applications/Adobe Media Encoder 2025/Adobe Media Encoder 2025.app/Contents/PlugIns/Common/AEFilterWrite_on.bundle" 0
PluginNameList::AddFilePath - added "/Applications/Adobe Media Encoder 2025/Adobe Media Encoder 2025.app/Contents/PlugIns/Common/AEFilterDipToBlack.bundle" 0
PluginNameList::AddFilePath - added "/Applications/Adobe Media Encoder 2025/Adobe Media Encoder 2025.app/Contents/PlugIns/Common/ImporterMP3.bundle" 0
PluginNameList::AddFilePath - added "/Applications/Adobe Media Encoder 2025/Adobe Media Encoder 2025.app/Contents/PlugIns/Common/AEFilterGarbageMatte.bundle" 0
PluginNameList::AddFilePath - added "/Applications/Adobe Media Encoder 2025/Adobe Media Encoder 2025.app/Contents/PlugIns/Common/AEFilterVRFractalNoise.bundle" 0
PluginNameList::AddFilePath - added "/Applications/Adobe Media Encoder 2025/Adobe Media Encoder 2025.app/Contents/PlugIns/Common/AEFilterStrobe_Light.bundle" 0
PluginNameList::AddFilePath - added "/Applications/Adobe Media Encoder 2025/Adobe Media Encoder 2025.app/Contents/PlugIns/Common/AEFilterRadialShadow.bundle" 0
PluginNameList::AddFilePath - added "/Applications/Adobe Media Encoder 2025/Adobe Media Encoder 2025.app/Contents/PlugIns/Common/AEFilterVRSharpen.bundle" 0
PluginNameList::AddFilePath - added "/Applications/Adobe Media Encoder 2025/Adobe Media Encoder 2025.app/Contents/PlugIns/Common/AEFilterVRDigitalGlitch.bundle" 0
PluginNameList::AddFilePath - added "/Applications/Adobe Media Encoder 2025/Adobe Media Encoder 2025.app/Contents/PlugIns/Common/AEFilterColor_Key.bundle" 0
PluginNameList::AddFilePath - added "/Applications/Adobe Media Encoder 2025/Adobe Media Encoder 2025.app/Contents/PlugIns/Common/ImporterColorMatte.bundle" 0
PluginNameList::AddFilePath - added "/Applications/Adobe Media Encoder 2025/Adobe Media Encoder 2025.app/Contents/PlugIns/Common/AEFilterColor_Balance_2.bundle" 0
PluginNameList::AddFilePath - added "/Applications/Adobe Media Encoder 2025/Adobe Media Encoder 2025.app/Contents/PlugIns/Common/ExporterMXF.bundle" 0
PluginNameList::AddFilePath - added "/Applications/Adobe Media Encoder 2025/Adobe Media Encoder 2025.app/Contents/PlugIns/Common/AEFilterBrush_Strokes.bundle" 0
PluginNameList::AddFilePath - added "/Applications/Adobe Media Encoder 2025/Adobe Media Encoder 2025.app/Contents/PlugIns/Common/AEFilterBarnDoors.bundle" 0
PluginNameList::AddFilePath - added "/Applications/Adobe Media Encoder 2025/Adobe Media Encoder 2025.app/Contents/PlugIns/Common/CinemaDNGSourceSettings.bundle" 0
PluginNameList::AddFilePath - added "/Applications/Adobe Media Encoder 2025/Adobe Media Encoder 2025.app/Contents/PlugIns/Common/PlayerMediaCore.bundle" 0
PluginNameList::AddFilePath - added "/Applications/Adobe Media Encoder 2025/Adobe Media Encoder 2025.app/Contents/PlugIns/Common/AEFilterColorShift.bundle" 0
PluginNameList::AddFilePath - added "/Applications/Adobe Media Encoder 2025/Adobe Media Encoder 2025.app/Contents/PlugIns/Common/AEFilterMorphCut.bundle" 0
PluginNameList::AddFilePath - added "/Applications/Adobe Media Encoder 2025/Adobe Media Encoder 2025.app/Contents/PlugIns/Common/AEFilterStabilizer.bundle" 0
PluginNameList::AddFilePath - added "/Applications/Adobe Media Encoder 2025/Adobe Media Encoder 2025.app/Contents/PlugIns/Common/AEFilterVRChromaticAberration.bundle" 0
PluginNameList::AddFilePath - added "/Applications/Adobe Media Encoder 2025/Adobe Media Encoder 2025.app/Contents/PlugIns/Common/AEFilterChannel_Blur.bundle" 0
PluginNameList::AddFilePath - added "/Applications/Adobe Media Encoder 2025/Adobe Media Encoder 2025.app/Contents/PlugIns/Common/ImporterTransparentMatte.bundle" 0
PluginNameList::AddFilePath - added "/Applications/Adobe Media Encoder 2025/Adobe Media Encoder 2025.app/Contents/PlugIns/Common/AEFilterVRProjection.bundle" 0
PluginNameList::AddFilePath - added "/Applications/Adobe Media Encoder 2025/Adobe Media Encoder 2025.app/Contents/PlugIns/Common/AEFilterColorSpaceTransform.bundle" 0
PluginNameList::AddFilePath - added "/Applications/Adobe Media Encoder 2025/Adobe Media Encoder 2025.app/Contents/PlugIns/Common/AEFilterSolidComposite.bundle" 0
PluginNameList::AddFilePath - added "/Applications/Adobe Media Encoder 2025/Adobe Media Encoder 2025.app/Contents/PlugIns/Common/AEFilterLumaCurve.bundle" 0
PluginNameList::AddFilePath - added "/Applications/Adobe Media Encoder 2025/Adobe Media Encoder 2025.app/Contents/PlugIns/Common/AEFilterDust.bundle" 0
PluginNameList::AddFilePath - added "/Applications/Adobe Media Encoder 2025/Adobe Media Encoder 2025.app/Contents/PlugIns/Common/ImporterARRIRAW.bundle" 0
PluginNameList::AddFilePath - added "/Applications/Adobe Media Encoder 2025/Adobe Media Encoder 2025.app/Contents/PlugIns/Common/AEFilterSimpleText.bundle" 0
PluginNameList::AddFilePath - added "/Applications/Adobe Media Encoder 2025/Adobe Media Encoder 2025.app/Contents/PlugIns/Common/AEFilterTrackMatteKey.bundle" 0
PluginNameList::AddFilePath - added "/Applications/Adobe Media Encoder 2025/Adobe Media Encoder 2025.app/Contents/PlugIns/Common/ExporterQuickTimeHost.bundle" 0
PluginNameList::AddFilePath - added "/Applications/Adobe Media Encoder 2025/Adobe Media Encoder 2025.app/Contents/PlugIns/Common/AEFilterImageMatteKey.bundle" 0
PluginNameList::AddFilePath - added "/Applications/Adobe Media Encoder 2025/Adobe Media Encoder 2025.app/Contents/PlugIns/Common/AEFilterNoiseAlpha.bundle" 0
PluginNameList::AddFilePath - added "/Applications/Adobe Media Encoder 2025/Adobe Media Encoder 2025.app/Contents/PlugIns/Common/AEFilterAutoReframe.bundle" 0
PluginNameList::AddFilePath - added "/Applications/Adobe Media Encoder 2025/Adobe Media Encoder 2025.app/Contents/PlugIns/Common/ImporterSensorManager.bundle" 0
PluginNameList::AddFilePath - added "/Applications/Adobe Media Encoder 2025/Adobe Media Encoder 2025.app/Contents/PlugIns/Common/ImporterWave.bundle" 0
PluginNameList::AddFilePath - added "/Applications/Adobe Media Encoder 2025/Adobe Media Encoder 2025.app/Contents/PlugIns/Common/AEFilterGraphicSubGroup.bundle" 0
PluginNameList::AddFilePath - added "/Applications/Adobe Media Encoder 2025/Adobe Media Encoder 2025.app/Contents/PlugIns/Common/AEFilterCompound_Arith.bundle" 0
PluginNameList::AddFilePath - added "/Applications/Adobe Media Encoder 2025/Adobe Media Encoder 2025.app/Contents/PlugIns/Common/ImporterAIEPS.bundle" 0
PluginNameList::AddFilePath - added "/Applications/Adobe Media Encoder 2025/Adobe Media Encoder 2025.app/Contents/PlugIns/Common/AEFilterEdgeFeather.bundle" 0
PluginNameList::AddFilePath - added "/Applications/Adobe Media Encoder 2025/Adobe Media Encoder 2025.app/Contents/PlugIns/Common/ExporterMPEG2.bundle" 0
PluginNameList::AddFilePath - added "/Applications/Adobe Media Encoder 2025/Adobe Media Encoder 2025.app/Contents/PlugIns/Common/ImporterDPX.bundle" 0
PluginNameList::AddFilePath - added "/Applications/Adobe Media Encoder 2025/Adobe Media Encoder 2025.app/Contents/PlugIns/Common/AEFilterInvert.bundle" 0
PluginNameList::AddFilePath - added "/Applications/Adobe Media Encoder 2025/Adobe Media Encoder 2025.app/Contents/PlugIns/Common/ArriRawSourceSettings.bundle" 0
PluginNameList::AddFilePath - added "/Applications/Adobe Media Encoder 2025/Adobe Media Encoder 2025.app/Contents/PlugIns/Common/AEFilterColorAndContrast.bundle" 0
PluginNameList::AddFilePath - added "/Applications/Adobe Media Encoder 2025/Adobe Media Encoder 2025.app/Contents/PlugIns/Common/AEFilterBlend.bundle" 0
PluginNameList::AddFilePath - added "/Applications/Adobe Media Encoder 2025/Adobe Media Encoder 2025.app/Contents/PlugIns/Common/AEFilterTexturize.bundle" 0
Finished PluginNameList::AddFolder /Applications/Adobe Media Encoder 2025/Adobe Media Encoder 2025.app/Contents/PlugIns/Common/ 0
Scanning /Applications/Adobe Media Encoder 2025/Adobe Media Encoder 2025.app/Contents/PlugIns/Common/ and sub-directories

Loading /Applications/Adobe Media Encoder 2025/Adobe Media Encoder 2025.app/Contents/PlugIns/Common/ImporterMPEG.bundle
Loading from disk...
This plugin was recognized by loader ba1058cd-0007-44e4-bf1a-0ef51307b979.

Loading /Applications/Adobe Media Encoder 2025/Adobe Media Encoder 2025.app/Contents/PlugIns/Common/MPEGSourceSettings.bundle
Loading from disk...
This plugin was recognized by loader 9ee18075-33c9-482a-b1a3-f2ab007a5a07.

Loading /Applications/Adobe Media Encoder 2025/Adobe Media Encoder 2025.app/Contents/PlugIns/Common/AEFilterTurbulentDisplace.bundle
Loading from disk...
This plugin was recognized by loader 9ee18075-33c9-482a-b1a3-f2ab007a5a07.

Loading /Applications/Adobe Media Encoder 2025/Adobe Media Encoder 2025.app/Contents/PlugIns/Common/AEFilterGradient_Wipe.bundle
Loading from disk...
This plugin was recognized by loader 9ee18075-33c9-482a-b1a3-f2ab007a5a07.

Loading /Applications/Adobe Media Encoder 2025/Adobe Media Encoder 2025.app/Contents/PlugIns/Common/ImporterRED.bundle
Loading from disk...
This plugin was recognized by loader ba1058cd-0007-44e4-bf1a-0ef51307b979.

Loading /Applications/Adobe Media Encoder 2025/Adobe Media Encoder 2025.app/Contents/PlugIns/Common/ExporterGIF.bundle
Loading from disk...
This plugin was recognized by loader d3092dcf-904a-4a97-b4ca-66aed7540d57.

Loading /Applications/Adobe Media Encoder 2025/Adobe Media Encoder 2025.app/Contents/PlugIns/Common/ImporterSVG.bundle
Loading from disk...
This plugin was recognized by loader ba1058cd-0007-44e4-bf1a-0ef51307b979.

Loading /Applications/Adobe Media Encoder 2025/Adobe Media Encoder 2025.app/Contents/PlugIns/Common/AEFilterUltraKey.bundle
Loading from disk...
This plugin was recognized by loader 9ee18075-33c9-482a-b1a3-f2ab007a5a07.

Loading /Applications/Adobe Media Encoder 2025/Adobe Media Encoder 2025.app/Contents/PlugIns/Common/ImporterLumetri.bundle
Loading from disk...
This plugin was recognized by loader ba1058cd-0007-44e4-bf1a-0ef51307b979.

Loading /Applications/Adobe Media Encoder 2025/Adobe Media Encoder 2025.app/Contents/PlugIns/Common/AEFilterGraphicGroup.bundle
Loading from disk...
This plugin was recognized by loader 624e610b-0372-4082-b625-73865c15932b.
This plugin was recognized by loader 9ee18075-33c9-482a-b1a3-f2ab007a5a07.

Loading /Applications/Adobe Media Encoder 2025/Adobe Media Encoder 2025.app/Contents/PlugIns/Common/ImporterImageIO.bundle
Loading from disk...
This plugin was recognized by loader ba1058cd-0007-44e4-bf1a-0ef51307b979.

Loading /Applications/Adobe Media Encoder 2025/Adobe Media Encoder 2025.app/Contents/PlugIns/Common/AEFilterCenterSplit.bundle
Loading from disk...
This plugin was recognized by loader 9ee18075-33c9-482a-b1a3-f2ab007a5a07.

Loading /Applications/Adobe Media Encoder 2025/Adobe Media Encoder 2025.app/Contents/PlugIns/Common/AEFilterLinear_Wipe.bundle
Loading from disk...
This plugin was recognized by loader 9ee18075-33c9-482a-b1a3-f2ab007a5a07.

Loading /Applications/Adobe Media Encoder 2025/Adobe Media Encoder 2025.app/Contents/PlugIns/Common/ImporterAIDE.bundle
Loading from disk...
This plugin was recognized by loader ba1058cd-0007-44e4-bf1a-0ef51307b979.

Loading /Applications/Adobe Media Encoder 2025/Adobe Media Encoder 2025.app/Contents/PlugIns/Common/AEFilterTwirl.bundle
Loading from disk...
This plugin was recognized by loader 9ee18075-33c9-482a-b1a3-f2ab007a5a07.

Loading /Applications/Adobe Media Encoder 2025/Adobe Media Encoder 2025.app/Contents/PlugIns/Common/ExporterDPX.bundle
Loading from disk...
This plugin was recognized by loader d3092dcf-904a-4a97-b4ca-66aed7540d57.

Loading /Applications/Adobe Media Encoder 2025/Adobe Media Encoder 2025.app/Contents/PlugIns/Common/ImporterMP4.bundle
Loading from disk...
This plugin was recognized by loader ba1058cd-0007-44e4-bf1a-0ef51307b979.

Loading /Applications/Adobe Media Encoder 2025/Adobe Media Encoder 2025.app/Contents/PlugIns/Common/AEFilterAlphaAdjust.bundle
Loading from disk...
This plugin was recognized by loader 9ee18075-33c9-482a-b1a3-f2ab007a5a07.

Loading /Applications/Adobe Media Encoder 2025/Adobe Media Encoder 2025.app/Contents/PlugIns/Common/AEFilterVRProject2D.bundle
Loading from disk...
This plugin was recognized by loader 624e610b-0372-4082-b625-73865c15932b.
This plugin was recognized by loader 9ee18075-33c9-482a-b1a3-f2ab007a5a07.

Loading /Applications/Adobe Media Encoder 2025/Adobe Media Encoder 2025.app/Contents/PlugIns/Common/AEFilterRadial_Wipe.bundle
Loading from disk...
This plugin was recognized by loader 9ee18075-33c9-482a-b1a3-f2ab007a5a07.

Loading /Applications/Adobe Media Encoder 2025/Adobe Media Encoder 2025.app/Contents/PlugIns/Common/AEFilterChangeToColor.bundle
Loading from disk...
No loaders recognized this plugin, so the plugin is set to Ignore.

Loading /Applications/Adobe Media Encoder 2025/Adobe Media Encoder 2025.app/Contents/PlugIns/Common/AEFilterRGBCurves.bundle
Loading from disk...
No loaders recognized this plugin, so the plugin is set to Ignore.

Loading /Applications/Adobe Media Encoder 2025/Adobe Media Encoder 2025.app/Contents/PlugIns/Common/FCPXProjectConverter.bundle
Loading from disk...
This plugin was recognized by loader 2d887736-82fa-4239-9b42-9019215e470d.

Loading /Applications/Adobe Media Encoder 2025/Adobe Media Encoder 2025.app/Contents/PlugIns/Common/AEFilterEcho.bundle
Loading from disk...
This plugin was recognized by loader 9ee18075-33c9-482a-b1a3-f2ab007a5a07.

Loading /Applications/Adobe Media Encoder 2025/Adobe Media Encoder 2025.app/Contents/PlugIns/Common/AEFilterRamp.bundle
Loading from disk...
This plugin was recognized by loader 9ee18075-33c9-482a-b1a3-f2ab007a5a07.

Loading /Applications/Adobe Media Encoder 2025/Adobe Media Encoder 2025.app/Contents/PlugIns/Common/F65SourceSettings.bundle
Loading from disk...
This plugin was recognized by loader 9ee18075-33c9-482a-b1a3-f2ab007a5a07.

Loading /Applications/Adobe Media Encoder 2025/Adobe Media Encoder 2025.app/Contents/PlugIns/Common/AEFilterNonRedKey.bundle
Loading from disk...
This plugin was recognized by loader 9ee18075-33c9-482a-b1a3-f2ab007a5a07.

Loading /Applications/Adobe Media Encoder 2025/Adobe Media Encoder 2025.app/Contents/PlugIns/Common/AEFilterLightingEffect.bundle
Loading from disk...
This plugin was recognized by loader 9ee18075-33c9-482a-b1a3-f2ab007a5a07.

Loading /Applications/Adobe Media Encoder 2025/Adobe Media Encoder 2025.app/Contents/PlugIns/Common/AEFilterGarbageMatte8.bundle
Loading from disk...
No loaders recognized this plugin, so the plugin is set to Ignore.

Loading /Applications/Adobe Media Encoder 2025/Adobe Media Encoder 2025.app/Contents/PlugIns/Common/ExporterMP3.bundle
Loading from disk...
This plugin was recognized by loader d3092dcf-904a-4a97-b4ca-66aed7540d57.

Loading /Applications/Adobe Media Encoder 2025/Adobe Media Encoder 2025.app/Contents/PlugIns/Common/AEFilterColor_HLS.bundle
Loading from disk...
No loaders recognized this plugin, so the plugin is set to Ignore.

Loading /Applications/Adobe Media Encoder 2025/Adobe Media Encoder 2025.app/Contents/PlugIns/Common/AEFilterVerticalFlip.bundle
Loading from disk...
This plugin was recognized by loader 9ee18075-33c9-482a-b1a3-f2ab007a5a07.

Loading /Applications/Adobe Media Encoder 2025/Adobe Media Encoder 2025.app/Contents/PlugIns/Common/AEFilterBroadcast_Colors.bundle
Loading from disk...
No loaders recognized this plugin, so the plugin is set to Ignore.

Loading /Applications/Adobe Media Encoder 2025/Adobe Media Encoder 2025.app/Contents/PlugIns/Common/AEFilterWave_Warp.bundle
Loading from disk...
This plugin was recognized by loader 9ee18075-33c9-482a-b1a3-f2ab007a5a07.

Loading /Applications/Adobe Media Encoder 2025/Adobe Media Encoder 2025.app/Contents/PlugIns/Common/AEFilterVenetian_Blinds.bundle
Loading from disk...
This plugin was recognized by loader 9ee18075-33c9-482a-b1a3-f2ab007a5a07.

Loading /Applications/Adobe Media Encoder 2025/Adobe Media Encoder 2025.app/Contents/PlugIns/Common/AEFilterLumetri.bundle
Loading from disk...
This plugin was recognized by loader 624e610b-0372-4082-b625-73865c15932b.
This plugin was recognized by loader 9ee18075-33c9-482a-b1a3-f2ab007a5a07.

Loading /Applications/Adobe Media Encoder 2025/Adobe Media Encoder 2025.app/Contents/PlugIns/Common/OpenEXR Premiere.bundle
Loading from disk...
This plugin was recognized by loader ba1058cd-0007-44e4-bf1a-0ef51307b979.
This plugin was recognized by loader d3092dcf-904a-4a97-b4ca-66aed7540d57.

Loading /Applications/Adobe Media Encoder 2025/Adobe Media Encoder 2025.app/Contents/PlugIns/Common/AEFilterBevel_Edges.bundle
Loading from disk...
This plugin was recognized by loader 9ee18075-33c9-482a-b1a3-f2ab007a5a07.

Loading /Applications/Adobe Media Encoder 2025/Adobe Media Encoder 2025.app/Contents/PlugIns/Common/AEAutoLevels.bundle
Loading from disk...
No loaders recognized this plugin, so the plugin is set to Ignore.

Loading /Applications/Adobe Media Encoder 2025/Adobe Media Encoder 2025.app/Contents/PlugIns/Common/AEFilterVRLightRays.bundle
Loading from disk...
This plugin was recognized by loader 624e610b-0372-4082-b625-73865c15932b.
This plugin was recognized by loader 9ee18075-33c9-482a-b1a3-f2ab007a5a07.

Loading /Applications/Adobe Media Encoder 2025/Adobe Media Encoder 2025.app/Contents/PlugIns/Common/AEFilterVRGaussianBlur.bundle
Loading from disk...
This plugin was recognized by loader 624e610b-0372-4082-b625-73865c15932b.
This plugin was recognized by loader 9ee18075-33c9-482a-b1a3-f2ab007a5a07.

Loading /Applications/Adobe Media Encoder 2025/Adobe Media Encoder 2025.app/Contents/PlugIns/Common/ImporterGraphics.bundle
Loading from disk...
This plugin was recognized by loader ba1058cd-0007-44e4-bf1a-0ef51307b979.

Loading /Applications/Adobe Media Encoder 2025/Adobe Media Encoder 2025.app/Contents/PlugIns/Common/ProResRawSourceSettings.bundle
Loading from disk...
This plugin was recognized by loader 9ee18075-33c9-482a-b1a3-f2ab007a5a07.

Loading /Applications/Adobe Media Encoder 2025/Adobe Media Encoder 2025.app/Contents/PlugIns/Common/AEFilterEqualize.bundle
Loading from disk...
No loaders recognized this plugin, so the plugin is set to Ignore.

Loading /Applications/Adobe Media Encoder 2025/Adobe Media Encoder 2025.app/Contents/PlugIns/Common/ImporterMXF.bundle
Loading from disk...
This plugin was recognized by loader ba1058cd-0007-44e4-bf1a-0ef51307b979.

Loading /Applications/Adobe Media Encoder 2025/Adobe Media Encoder 2025.app/Contents/PlugIns/Common/AEFilterShape.bundle
Loading from disk...
This plugin was recognized by loader 624e610b-0372-4082-b625-73865c15932b.
This plugin was recognized by loader 9ee18075-33c9-482a-b1a3-f2ab007a5a07.

Loading /Applications/Adobe Media Encoder 2025/Adobe Media Encoder 2025.app/Contents/PlugIns/Common/AEFilterCheckerboard.bundle
Loading from disk...
This plugin was recognized by loader 9ee18075-33c9-482a-b1a3-f2ab007a5a07.

Loading /Applications/Adobe Media Encoder 2025/Adobe Media Encoder 2025.app/Contents/PlugIns/Common/ExporterP2.bundle
Loading from disk...
No loaders recognized this plugin, so the plugin is set to Ignore.

Loading /Applications/Adobe Media Encoder 2025/Adobe Media Encoder 2025.app/Contents/PlugIns/Common/AEFilterInset.bundle
Loading from disk...
This plugin was recognized by loader 9ee18075-33c9-482a-b1a3-f2ab007a5a07.

Loading /Applications/Adobe Media Encoder 2025/Adobe Media Encoder 2025.app/Contents/PlugIns/Common/AEFilterBlock_Dissolve.bundle
Loading from disk...
This plugin was recognized by loader 9ee18075-33c9-482a-b1a3-f2ab007a5a07.

Loading /Applications/Adobe Media Encoder 2025/Adobe Media Encoder 2025.app/Contents/PlugIns/Common/AEFilterUnsharp_Mask.bundle
Loading from disk...
This plugin was recognized by loader 9ee18075-33c9-482a-b1a3-f2ab007a5a07.

Loading /Applications/Adobe Media Encoder 2025/Adobe Media Encoder 2025.app/Contents/PlugIns/Common/AEFilterVRGlow.bundle
Loading from disk...
This plugin was recognized by loader 624e610b-0372-4082-b625-73865c15932b.
This plugin was recognized by loader 9ee18075-33c9-482a-b1a3-f2ab007a5a07.

Loading /Applications/Adobe Media Encoder 2025/Adobe Media Encoder 2025.app/Contents/PlugIns/Common/ImporterXDCAMEX.bundle
Loading from disk...
No loaders recognized this plugin, so the plugin is set to Ignore.

Loading /Applications/Adobe Media Encoder 2025/Adobe Media Encoder 2025.app/Contents/PlugIns/Common/AEFilterMedian.bundle
Loading from disk...
This plugin was recognized by loader 9ee18075-33c9-482a-b1a3-f2ab007a5a07.

Loading /Applications/Adobe Media Encoder 2025/Adobe Media Encoder 2025.app/Contents/PlugIns/Common/AEFilterSet_Matte.bundle
Loading from disk...
This plugin was recognized by loader 9ee18075-33c9-482a-b1a3-f2ab007a5a07.
This plugin was recognized by loader 9ee18075-33c9-482a-b1a3-f2ab007a5a07.

Loading /Applications/Adobe Media Encoder 2025/Adobe Media Encoder 2025.app/Contents/PlugIns/Common/ImporterFFMPEG.bundle
Loading from disk...
This plugin was recognized by loader ba1058cd-0007-44e4-bf1a-0ef51307b979.

Loading /Applications/Adobe Media Encoder 2025/Adobe Media Encoder 2025.app/Contents/PlugIns/Common/AEAutoColor.bundle
Loading from disk...
No loaders recognized this plugin, so the plugin is set to Ignore.

Loading /Applications/Adobe Media Encoder 2025/Adobe Media Encoder 2025.app/Contents/PlugIns/Common/ExporterTarga.bundle
Loading from disk...
This plugin was recognized by loader d3092dcf-904a-4a97-b4ca-66aed7540d57.

Loading /Applications/Adobe Media Encoder 2025/Adobe Media Encoder 2025.app/Contents/PlugIns/Common/AEFilterCrossDissolve.bundle
Loading from disk...
This plugin was recognized by loader 9ee18075-33c9-482a-b1a3-f2ab007a5a07.

Loading /Applications/Adobe Media Encoder 2025/Adobe Media Encoder 2025.app/Contents/PlugIns/Common/AEFilterSpherize.bundle
Loading from disk...
This plugin was recognized by loader 9ee18075-33c9-482a-b1a3-f2ab007a5a07.

Loading /Applications/Adobe Media Encoder 2025/Adobe Media Encoder 2025.app/Contents/PlugIns/Common/AEFilterDirectionalBlur.bundle
Loading from disk...
This plugin was recognized by loader 9ee18075-33c9-482a-b1a3-f2ab007a5a07.

Loading /Applications/Adobe Media Encoder 2025/Adobe Media Encoder 2025.app/Contents/PlugIns/Common/AEFilterVRSphericalBlur.bundle
Loading from disk...
This plugin was recognized by loader 624e610b-0372-4082-b625-73865c15932b.
This plugin was recognized by loader 9ee18075-33c9-482a-b1a3-f2ab007a5a07.

Loading /Applications/Adobe Media Encoder 2025/Adobe Media Encoder 2025.app/Contents/PlugIns/Common/AEFilterDipToWhite.bundle
Loading from disk...
This plugin was recognized by loader 9ee18075-33c9-482a-b1a3-f2ab007a5a07.

Loading /Applications/Adobe Media Encoder 2025/Adobe Media Encoder 2025.app/Contents/PlugIns/Common/AEFilterDifference.bundle
Loading from disk...
This plugin was recognized by loader 9ee18075-33c9-482a-b1a3-f2ab007a5a07.

Loading /Applications/Adobe Media Encoder 2025/Adobe Media Encoder 2025.app/Contents/PlugIns/Common/AEFilterSplit.bundle
Loading from disk...
This plugin was recognized by loader 9ee18075-33c9-482a-b1a3-f2ab007a5a07.

Loading /Applications/Adobe Media Encoder 2025/Adobe Media Encoder 2025.app/Contents/PlugIns/Common/ExporterXDCAMHD.bundle
Loading from disk...
This plugin was recognized by loader d3092dcf-904a-4a97-b4ca-66aed7540d57.
This plugin was recognized by loader d3092dcf-904a-4a97-b4ca-66aed7540d57.
This plugin was recognized by loader d3092dcf-904a-4a97-b4ca-66aed7540d57.

Loading /Applications/Adobe Media Encoder 2025/Adobe Media Encoder 2025.app/Contents/PlugIns/Common/AEFilterMirror.bundle
Loading from disk...
This plugin was recognized by loader 9ee18075-33c9-482a-b1a3-f2ab007a5a07.

Loading /Applications/Adobe Media Encoder 2025/Adobe Media Encoder 2025.app/Contents/PlugIns/Common/AEFilterNoise.bundle
Loading from disk...
This plugin was recognized by loader 9ee18075-33c9-482a-b1a3-f2ab007a5a07.
This plugin was recognized by loader 9ee18075-33c9-482a-b1a3-f2ab007a5a07.

Loading /Applications/Adobe Media Encoder 2025/Adobe Media Encoder 2025.app/Contents/PlugIns/Common/AEFilterRoughenEdges.bundle
Loading from disk...
This plugin was recognized by loader 9ee18075-33c9-482a-b1a3-f2ab007a5a07.

Loading /Applications/Adobe Media Encoder 2025/Adobe Media Encoder 2025.app/Contents/PlugIns/Common/AEFilterBevel_Alpha.bundle
Loading from disk...
This plugin was recognized by loader 9ee18075-33c9-482a-b1a3-f2ab007a5a07.

Loading /Applications/Adobe Media Encoder 2025/Adobe Media Encoder 2025.app/Contents/PlugIns/Common/AEFilterVRChromaLeaks.bundle
Loading from disk...
This plugin was recognized by loader 624e610b-0372-4082-b625-73865c15932b.
This plugin was recognized by loader 9ee18075-33c9-482a-b1a3-f2ab007a5a07.

Loading /Applications/Adobe Media Encoder 2025/Adobe Media Encoder 2025.app/Contents/PlugIns/Common/AEAutoContrast.bundle
Loading from disk...
No loaders recognized this plugin, so the plugin is set to Ignore.

Loading /Applications/Adobe Media Encoder 2025/Adobe Media Encoder 2025.app/Contents/PlugIns/Common/ImporterLeader.bundle
Loading from disk...
This plugin was recognized by loader ba1058cd-0007-44e4-bf1a-0ef51307b979.

Loading /Applications/Adobe Media Encoder 2025/Adobe Media Encoder 2025.app/Contents/PlugIns/Common/AEFilterLumaCorrector.bundle
Loading from disk...
No loaders recognized this plugin, so the plugin is set to Ignore.

Loading /Applications/Adobe Media Encoder 2025/Adobe Media Encoder 2025.app/Contents/PlugIns/Common/AEFilterMagnify.bundle
Loading from disk...
This plugin was recognized by loader 9ee18075-33c9-482a-b1a3-f2ab007a5a07.

Loading /Applications/Adobe Media Encoder 2025/Adobe Media Encoder 2025.app/Contents/PlugIns/Common/AEFilterCompound_Blur.bundle
Loading from disk...
This plugin was recognized by loader 9ee18075-33c9-482a-b1a3-f2ab007a5a07.

Loading /Applications/Adobe Media Encoder 2025/Adobe Media Encoder 2025.app/Contents/PlugIns/Common/AEFilterVRRotateSphere.bundle
Loading from disk...
This plugin was recognized by loader 624e610b-0372-4082-b625-73865c15932b.
This plugin was recognized by loader 9ee18075-33c9-482a-b1a3-f2ab007a5a07.

Loading /Applications/Adobe Media Encoder 2025/Adobe Media Encoder 2025.app/Contents/PlugIns/Common/AEFilterRollingShutter.bundle
Loading from disk...
This plugin was recognized by loader 9ee18075-33c9-482a-b1a3-f2ab007a5a07.
This plugin was recognized by loader 9ee18075-33c9-482a-b1a3-f2ab007a5a07.
This plugin was recognized by loader 9ee18075-33c9-482a-b1a3-f2ab007a5a07.

Loading /Applications/Adobe Media Encoder 2025/Adobe Media Encoder 2025.app/Contents/PlugIns/Common/AEFilterColorThreeWay.bundle
Loading from disk...
No loaders recognized this plugin, so the plugin is set to Ignore.

Loading /Applications/Adobe Media Encoder 2025/Adobe Media Encoder 2025.app/Contents/PlugIns/Common/ExporterWave.bundle
Loading from disk...
This plugin was recognized by loader d3092dcf-904a-4a97-b4ca-66aed7540d57.

Loading /Applications/Adobe Media Encoder 2025/Adobe Media Encoder 2025.app/Contents/PlugIns/Common/AEFilterClipName.bundle
Loading from disk...
This plugin was recognized by loader 9ee18075-33c9-482a-b1a3-f2ab007a5a07.

Loading /Applications/Adobe Media Encoder 2025/Adobe Media Encoder 2025.app/Contents/PlugIns/Common/AEFilterVRIrisWipe.bundle
Loading from disk...
This plugin was recognized by loader 624e610b-0372-4082-b625-73865c15932b.
This plugin was recognized by loader 9ee18075-33c9-482a-b1a3-f2ab007a5a07.

Loading /Applications/Adobe Media Encoder 2025/Adobe Media Encoder 2025.app/Contents/PlugIns/Common/ExporterTIFF.bundle
Loading from disk...
This plugin was recognized by loader d3092dcf-904a-4a97-b4ca-66aed7540d57.

Loading /Applications/Adobe Media Encoder 2025/Adobe Media Encoder 2025.app/Contents/PlugIns/Common/AEFilterArithmetic.bundle
Loading from disk...
This plugin was recognized by loader 9ee18075-33c9-482a-b1a3-f2ab007a5a07.

Loading /Applications/Adobe Media Encoder 2025/Adobe Media Encoder 2025.app/Contents/PlugIns/Common/AEFilterPaintBucket.bundle
Loading from disk...
This plugin was recognized by loader 9ee18075-33c9-482a-b1a3-f2ab007a5a07.

Loading /Applications/Adobe Media Encoder 2025/Adobe Media Encoder 2025.app/Contents/PlugIns/Common/AEFilterFast_Blur.bundle
Loading from disk...
This plugin was recognized by loader 9ee18075-33c9-482a-b1a3-f2ab007a5a07.
This plugin was recognized by loader 9ee18075-33c9-482a-b1a3-f2ab007a5a07.

Loading /Applications/Adobe Media Encoder 2025/Adobe Media Encoder 2025.app/Contents/PlugIns/Common/ImporterTarga.bundle
Loading from disk...
This plugin was recognized by loader ba1058cd-0007-44e4-bf1a-0ef51307b979.

Loading /Applications/Adobe Media Encoder 2025/Adobe Media Encoder 2025.app/Contents/PlugIns/Common/ImporterPNG.bundle
Loading from disk...
This plugin was recognized by loader ba1058cd-0007-44e4-bf1a-0ef51307b979.

Loading /Applications/Adobe Media Encoder 2025/Adobe Media Encoder 2025.app/Contents/PlugIns/Common/ImporterJPEG.bundle
Loading from disk...
This plugin was recognized by loader ba1058cd-0007-44e4-bf1a-0ef51307b979.

Loading /Applications/Adobe Media Encoder 2025/Adobe Media Encoder 2025.app/Contents/PlugIns/Common/ExporterAIFF.bundle
Loading from disk...
This plugin was recognized by loader d3092dcf-904a-4a97-b4ca-66aed7540d57.
This plugin was recognized by loader d3092dcf-904a-4a97-b4ca-66aed7540d57.

Loading /Applications/Adobe Media Encoder 2025/Adobe Media Encoder 2025.app/Contents/PlugIns/Common/ImporterSyntheticTranscript.bundle
Loading from disk...
This plugin was recognized by loader ba1058cd-0007-44e4-bf1a-0ef51307b979.

Loading /Applications/Adobe Media Encoder 2025/Adobe Media Encoder 2025.app/Contents/PlugIns/Common/AEFilterGarbageMatte16.bundle
Loading from disk...
No loaders recognized this plugin, so the plugin is set to Ignore.

Loading /Applications/Adobe Media Encoder 2025/Adobe Media Encoder 2025.app/Contents/PlugIns/Common/AEFilterReplicate.bundle
Loading from disk...
This plugin was recognized by loader 9ee18075-33c9-482a-b1a3-f2ab007a5a07.

Loading /Applications/Adobe Media Encoder 2025/Adobe Media Encoder 2025.app/Contents/PlugIns/Common/AEFilterVRMobius.bundle
Loading from disk...
This plugin was recognized by loader 624e610b-0372-4082-b625-73865c15932b.
This plugin was recognized by loader 9ee18075-33c9-482a-b1a3-f2ab007a5a07.

Loading /Applications/Adobe Media Encoder 2025/Adobe Media Encoder 2025.app/Contents/PlugIns/Common/AEFilterNoiseHLSAuto.bundle
Loading from disk...
This plugin was recognized by loader 9ee18075-33c9-482a-b1a3-f2ab007a5a07.
This plugin was recognized by loader 9ee18075-33c9-482a-b1a3-f2ab007a5a07.

Loading /Applications/Adobe Media Encoder 2025/Adobe Media Encoder 2025.app/Contents/PlugIns/Common/AEFilterChannel_Mixer.bundle
Loading from disk...
No loaders recognized this plugin, so the plugin is set to Ignore.

Loading /Applications/Adobe Media Encoder 2025/Adobe Media Encoder 2025.app/Contents/PlugIns/Common/Motion.bundle
Loading from disk...
This plugin was recognized by loader 9ee18075-33c9-482a-b1a3-f2ab007a5a07.

Loading /Applications/Adobe Media Encoder 2025/Adobe Media Encoder 2025.app/Contents/PlugIns/Common/ArriRawMXFSourceSettings.bundle
Loading from disk...
This plugin was recognized by loader 9ee18075-33c9-482a-b1a3-f2ab007a5a07.

Loading /Applications/Adobe Media Encoder 2025/Adobe Media Encoder 2025.app/Contents/PlugIns/Common/AEFilterAlphaGlow.bundle
Loading from disk...
This plugin was recognized by loader 9ee18075-33c9-482a-b1a3-f2ab007a5a07.

Loading /Applications/Adobe Media Encoder 2025/Adobe Media Encoder 2025.app/Contents/PlugIns/Common/AEFilterCineonEffect.bundle
Loading from disk...
This plugin was recognized by loader 9ee18075-33c9-482a-b1a3-f2ab007a5a07.

Loading /Applications/Adobe Media Encoder 2025/Adobe Media Encoder 2025.app/Contents/PlugIns/Common/ImporterSyntheticCaption.bundle
Loading from disk...
This plugin was recognized by loader ba1058cd-0007-44e4-bf1a-0ef51307b979.

Loading /Applications/Adobe Media Encoder 2025/Adobe Media Encoder 2025.app/Contents/PlugIns/Common/AEFilterPosterize.bundle
Loading from disk...
This plugin was recognized by loader 9ee18075-33c9-482a-b1a3-f2ab007a5a07.

Loading /Applications/Adobe Media Encoder 2025/Adobe Media Encoder 2025.app/Contents/PlugIns/Common/AEFilterTransform.bundle
Loading from disk...
This plugin was recognized by loader 624e610b-0372-4082-b625-73865c15932b.
This plugin was recognized by loader 9ee18075-33c9-482a-b1a3-f2ab007a5a07.
This plugin was recognized by loader 9ee18075-33c9-482a-b1a3-f2ab007a5a07.

Loading /Applications/Adobe Media Encoder 2025/Adobe Media Encoder 2025.app/Contents/PlugIns/Common/AEFilterOffset.bundle
Loading from disk...
This plugin was recognized by loader 9ee18075-33c9-482a-b1a3-f2ab007a5a07.

Loading /Applications/Adobe Media Encoder 2025/Adobe Media Encoder 2025.app/Contents/PlugIns/Common/AEFilterColorTexture.bundle
Loading from disk...
This plugin was recognized by loader 9ee18075-33c9-482a-b1a3-f2ab007a5a07.

Loading /Applications/Adobe Media Encoder 2025/Adobe Media Encoder 2025.app/Contents/PlugIns/Common/AEFilterVRLightLeaks.bundle
Loading from disk...
This plugin was recognized by loader 624e610b-0372-4082-b625-73865c15932b.
This plugin was recognized by loader 9ee18075-33c9-482a-b1a3-f2ab007a5a07.

Loading /Applications/Adobe Media Encoder 2025/Adobe Media Encoder 2025.app/Contents/PlugIns/Common/CanonRawSourceSettings.bundle
Loading from disk...
This plugin was recognized by loader 9ee18075-33c9-482a-b1a3-f2ab007a5a07.

Loading /Applications/Adobe Media Encoder 2025/Adobe Media Encoder 2025.app/Contents/PlugIns/Common/AEFilterColorFast.bundle
Loading from disk...
No loaders recognized this plugin, so the plugin is set to Ignore.

Loading /Applications/Adobe Media Encoder 2025/Adobe Media Encoder 2025.app/Contents/PlugIns/Common/AEFilterASCCDL.bundle
Loading from disk...
This plugin was recognized by loader 624e610b-0372-4082-b625-73865c15932b.
This plugin was recognized by loader 9ee18075-33c9-482a-b1a3-f2ab007a5a07.

Loading /Applications/Adobe Media Encoder 2025/Adobe Media Encoder 2025.app/Contents/PlugIns/Common/AEFilterVRGradientWipe.bundle
Loading from disk...
This plugin was recognized by loader 624e610b-0372-4082-b625-73865c15932b.
This plugin was recognized by loader 9ee18075-33c9-482a-b1a3-f2ab007a5a07.

Loading /Applications/Adobe Media Encoder 2025/Adobe Media Encoder 2025.app/Contents/PlugIns/Common/AEFilterText.bundle
Loading from disk...
This plugin was recognized by loader 624e610b-0372-4082-b625-73865c15932b.
This plugin was recognized by loader 9ee18075-33c9-482a-b1a3-f2ab007a5a07.

Loading /Applications/Adobe Media Encoder 2025/Adobe Media Encoder 2025.app/Contents/PlugIns/Common/AEFilterLightning.bundle
Loading from disk...
This plugin was recognized by loader 9ee18075-33c9-482a-b1a3-f2ab007a5a07.

Loading /Applications/Adobe Media Encoder 2025/Adobe Media Encoder 2025.app/Contents/PlugIns/Common/AEFilterGaussianBlur.bundle
Loading from disk...
This plugin was recognized by loader 9ee18075-33c9-482a-b1a3-f2ab007a5a07.

Loading /Applications/Adobe Media Encoder 2025/Adobe Media Encoder 2025.app/Contents/PlugIns/Common/AEFilterNoiseHLS.bundle
Loading from disk...
This plugin was recognized by loader 9ee18075-33c9-482a-b1a3-f2ab007a5a07.
This plugin was recognized by loader 9ee18075-33c9-482a-b1a3-f2ab007a5a07.

Loading /Applications/Adobe Media Encoder 2025/Adobe Media Encoder 2025.app/Contents/PlugIns/Common/AEFilterColor_Emboss.bundle
Loading from disk...
This plugin was recognized by loader 9ee18075-33c9-482a-b1a3-f2ab007a5a07.

Loading /Applications/Adobe Media Encoder 2025/Adobe Media Encoder 2025.app/Contents/PlugIns/Common/AEFilterProcAmp.bundle
Loading from disk...
This plugin was recognized by loader 9ee18075-33c9-482a-b1a3-f2ab007a5a07.

Loading /Applications/Adobe Media Encoder 2025/Adobe Media Encoder 2025.app/Contents/PlugIns/Common/AEFilterDigitalVideoLimiter.bundle
Loading from disk...
This plugin was recognized by loader 624e610b-0372-4082-b625-73865c15932b.
This plugin was recognized by loader 9ee18075-33c9-482a-b1a3-f2ab007a5a07.

Loading /Applications/Adobe Media Encoder 2025/Adobe Media Encoder 2025.app/Contents/PlugIns/Common/AEFilterBlackAndWhite.bundle
Loading from disk...
This plugin was recognized by loader 9ee18075-33c9-482a-b1a3-f2ab007a5a07.

Loading /Applications/Adobe Media Encoder 2025/Adobe Media Encoder 2025.app/Contents/PlugIns/Common/AEFilterChange_Color.bundle
Loading from disk...
No loaders recognized this plugin, so the plugin is set to Ignore.

Loading /Applications/Adobe Media Encoder 2025/Adobe Media Encoder 2025.app/Contents/PlugIns/Common/AEFilterWhip.bundle
Loading from disk...
This plugin was recognized by loader 9ee18075-33c9-482a-b1a3-f2ab007a5a07.

Loading /Applications/Adobe Media Encoder 2025/Adobe Media Encoder 2025.app/Contents/PlugIns/Common/ImporterFastMPEG.bundle
Loading from disk...
No loaders recognized this plugin, so the plugin is set to Ignore.

Loading /Applications/Adobe Media Encoder 2025/Adobe Media Encoder 2025.app/Contents/PlugIns/Common/AEFilterCalculations.bundle
Loading from disk...
This plugin was recognized by loader 9ee18075-33c9-482a-b1a3-f2ab007a5a07.

Loading /Applications/Adobe Media Encoder 2025/Adobe Media Encoder 2025.app/Contents/PlugIns/Common/AEFilterRemoveMatte.bundle
Loading from disk...
This plugin was recognized by loader 9ee18075-33c9-482a-b1a3-f2ab007a5a07.

Loading /Applications/Adobe Media Encoder 2025/Adobe Media Encoder 2025.app/Contents/PlugIns/Common/AEFilterEmboss.bundle
Loading from disk...
This plugin was recognized by loader 9ee18075-33c9-482a-b1a3-f2ab007a5a07.

Loading /Applications/Adobe Media Encoder 2025/Adobe Media Encoder 2025.app/Contents/PlugIns/Common/AEFilterGrid.bundle
Loading from disk...
This plugin was recognized by loader 9ee18075-33c9-482a-b1a3-f2ab007a5a07.

Loading /Applications/Adobe Media Encoder 2025/Adobe Media Encoder 2025.app/Contents/PlugIns/Common/DPXSourceSettings.bundle
Loading from disk...
No loaders recognized this plugin, so the plugin is set to Ignore.

Loading /Applications/Adobe Media Encoder 2025/Adobe Media Encoder 2025.app/Contents/PlugIns/Common/AEFilterCrop.bundle
Loading from disk...
This plugin was recognized by loader 9ee18075-33c9-482a-b1a3-f2ab007a5a07.

Loading /Applications/Adobe Media Encoder 2025/Adobe Media Encoder 2025.app/Contents/PlugIns/Common/ExporterPNG.bundle
Loading from disk...
This plugin was recognized by loader d3092dcf-904a-4a97-b4ca-66aed7540d57.

Loading /Applications/Adobe Media Encoder 2025/Adobe Media Encoder 2025.app/Contents/PlugIns/Common/AEFilterVRColorGradient.bundle
Loading from disk...
This plugin was recognized by loader 624e610b-0372-4082-b625-73865c15932b.
This plugin was recognized by loader 9ee18075-33c9-482a-b1a3-f2ab007a5a07.

Loading /Applications/Adobe Media Encoder 2025/Adobe Media Encoder 2025.app/Contents/PlugIns/Common/wraptor.bundle
Loading from disk...
No loaders recognized this plugin, so the plugin is set to Ignore.

Loading /Applications/Adobe Media Encoder 2025/Adobe Media Encoder 2025.app/Contents/PlugIns/Common/ImporterBarsAndTone.bundle
Loading from disk...
This plugin was recognized by loader ba1058cd-0007-44e4-bf1a-0ef51307b979.

Loading /Applications/Adobe Media Encoder 2025/Adobe Media Encoder 2025.app/Contents/PlugIns/Common/AEFilterCircle.bundle
Loading from disk...
This plugin was recognized by loader 9ee18075-33c9-482a-b1a3-f2ab007a5a07.

Loading /Applications/Adobe Media Encoder 2025/Adobe Media Encoder 2025.app/Contents/PlugIns/Common/ImporterBlackMatte.bundle
Loading from disk...
This plugin was recognized by loader ba1058cd-0007-44e4-bf1a-0ef51307b979.

Loading /Applications/Adobe Media Encoder 2025/Adobe Media Encoder 2025.app/Contents/PlugIns/Common/ExporterMPEG4.bundle
Loading from disk...
This plugin was recognized by loader d3092dcf-904a-4a97-b4ca-66aed7540d57.
This plugin was recognized by loader d3092dcf-904a-4a97-b4ca-66aed7540d57.
This plugin was recognized by loader d3092dcf-904a-4a97-b4ca-66aed7540d57.
This plugin was recognized by loader d3092dcf-904a-4a97-b4ca-66aed7540d57.
This plugin was recognized by loader d3092dcf-904a-4a97-b4ca-66aed7540d57.

Loading /Applications/Adobe Media Encoder 2025/Adobe Media Encoder 2025.app/Contents/PlugIns/Common/AEFilterMask2.bundle
Loading from disk...
This plugin was recognized by loader 624e610b-0372-4082-b625-73865c15932b.
This plugin was recognized by loader 9ee18075-33c9-482a-b1a3-f2ab007a5a07.

Loading /Applications/Adobe Media Encoder 2025/Adobe Media Encoder 2025.app/Contents/PlugIns/Common/AEFilterColorRGBCorrector.bundle
Loading from disk...
No loaders recognized this plugin, so the plugin is set to Ignore.

Loading /Applications/Adobe Media Encoder 2025/Adobe Media Encoder 2025.app/Contents/PlugIns/Common/REDSourceSettings.bundle
Loading from disk...
This plugin was recognized by loader 9ee18075-33c9-482a-b1a3-f2ab007a5a07.

Loading /Applications/Adobe Media Encoder 2025/Adobe Media Encoder 2025.app/Contents/PlugIns/Common/AEFilterFind_Edges.bundle
Loading from disk...
This plugin was recognized by loader 9ee18075-33c9-482a-b1a3-f2ab007a5a07.

Loading /Applications/Adobe Media Encoder 2025/Adobe Media Encoder 2025.app/Contents/PlugIns/Common/AEFilterTint.bundle
Loading from disk...
This plugin was recognized by loader 9ee18075-33c9-482a-b1a3-f2ab007a5a07.

Loading /Applications/Adobe Media Encoder 2025/Adobe Media Encoder 2025.app/Contents/PlugIns/Common/AEFilterCellPattern.bundle
Loading from disk...
This plugin was recognized by loader 9ee18075-33c9-482a-b1a3-f2ab007a5a07.

Loading /Applications/Adobe Media Encoder 2025/Adobe Media Encoder 2025.app/Contents/PlugIns/Common/AEFilterVRDenoise.bundle
Loading from disk...
This plugin was recognized by loader 624e610b-0372-4082-b625-73865c15932b.
This plugin was recognized by loader 9ee18075-33c9-482a-b1a3-f2ab007a5a07.

Loading /Applications/Adobe Media Encoder 2025/Adobe Media Encoder 2025.app/Contents/PlugIns/Common/AEFilterLeave_Color.bundle
Loading from disk...
No loaders recognized this plugin, so the plugin is set to Ignore.

Loading /Applications/Adobe Media Encoder 2025/Adobe Media Encoder 2025.app/Contents/PlugIns/Common/Opacity.bundle
Loading from disk...
This plugin was recognized by loader 9ee18075-33c9-482a-b1a3-f2ab007a5a07.

Loading /Applications/Adobe Media Encoder 2025/Adobe Media Encoder 2025.app/Contents/PlugIns/Common/AEFilterPosterize_Time.bundle
Loading from disk...
This plugin was recognized by loader 9ee18075-33c9-482a-b1a3-f2ab007a5a07.

Loading /Applications/Adobe Media Encoder 2025/Adobe Media Encoder 2025.app/Contents/PlugIns/Common/TransitionsMetaPlugin.prmp

Loading /Applications/Adobe Media Encoder 2025/Adobe Media Encoder 2025.app/Contents/PlugIns/Common/AEFilterVideoLimiter.bundle
Loading from disk...
No loaders recognized this plugin, so the plugin is set to Ignore.

Loading /Applications/Adobe Media Encoder 2025/Adobe Media Encoder 2025.app/Contents/PlugIns/Common/AEFilterLens_Flare.bundle
Loading from disk...
This plugin was recognized by loader 9ee18075-33c9-482a-b1a3-f2ab007a5a07.

Loading /Applications/Adobe Media Encoder 2025/Adobe Media Encoder 2025.app/Contents/PlugIns/Common/AEFilterSDRConform.bundle
Loading from disk...
This plugin was recognized by loader 624e610b-0372-4082-b625-73865c15932b.
This plugin was recognized by loader 9ee18075-33c9-482a-b1a3-f2ab007a5a07.

Loading /Applications/Adobe Media Encoder 2025/Adobe Media Encoder 2025.app/Contents/PlugIns/Common/AEFilterEyedropperFill.bundle
Loading from disk...
This plugin was recognized by loader 9ee18075-33c9-482a-b1a3-f2ab007a5a07.

Loading /Applications/Adobe Media Encoder 2025/Adobe Media Encoder 2025.app/Contents/PlugIns/Common/AEFilterLumaKey.bundle
Loading from disk...
This plugin was recognized by loader 9ee18075-33c9-482a-b1a3-f2ab007a5a07.

Loading /Applications/Adobe Media Encoder 2025/Adobe Media Encoder 2025.app/Contents/PlugIns/Common/SonyRawMXFSourceSettings.bundle
Loading from disk...
This plugin was recognized by loader 9ee18075-33c9-482a-b1a3-f2ab007a5a07.

Loading /Applications/Adobe Media Encoder 2025/Adobe Media Encoder 2025.app/Contents/PlugIns/Common/AEShadowHighlight.bundle
Loading from disk...
No loaders recognized this plugin, so the plugin is set to Ignore.

Loading /Applications/Adobe Media Encoder 2025/Adobe Media Encoder 2025.app/Contents/PlugIns/Common/AEFilterMask.bundle
Loading from disk...
This plugin was recognized by loader 624e610b-0372-4082-b625-73865c15932b.
This plugin was recognized by loader 9ee18075-33c9-482a-b1a3-f2ab007a5a07.

Loading /Applications/Adobe Media Encoder 2025/Adobe Media Encoder 2025.app/Contents/PlugIns/Common/AEFilterSharpen.bundle
Loading from disk...
This plugin was recognized by loader 9ee18075-33c9-482a-b1a3-f2ab007a5a07.

Loading /Applications/Adobe Media Encoder 2025/Adobe Media Encoder 2025.app/Contents/PlugIns/Common/AEFilterB-C-2.bundle
Loading from disk...
This plugin was recognized by loader 9ee18075-33c9-482a-b1a3-f2ab007a5a07.

Loading /Applications/Adobe Media Encoder 2025/Adobe Media Encoder 2025.app/Contents/PlugIns/Common/ExporterMPEGPreview.bundle
Loading from disk...
This plugin was recognized by loader d3092dcf-904a-4a97-b4ca-66aed7540d57.

Loading /Applications/Adobe Media Encoder 2025/Adobe Media Encoder 2025.app/Contents/PlugIns/Common/AEFilterMetadata.bundle
Loading from disk...
This plugin was recognized by loader 624e610b-0372-4082-b625-73865c15932b.
This plugin was recognized by loader 9ee18075-33c9-482a-b1a3-f2ab007a5a07.

Loading /Applications/Adobe Media Encoder 2025/Adobe Media Encoder 2025.app/Contents/PlugIns/Common/ImporterF65.bundle
Loading from disk...
This plugin was recognized by loader ba1058cd-0007-44e4-bf1a-0ef51307b979.

Loading /Applications/Adobe Media Encoder 2025/Adobe Media Encoder 2025.app/Contents/PlugIns/Common/ImporterAIFF.bundle
Loading from disk...
This plugin was recognized by loader ba1058cd-0007-44e4-bf1a-0ef51307b979.

Loading /Applications/Adobe Media Encoder 2025/Adobe Media Encoder 2025.app/Contents/PlugIns/Common/ExporterJPEG.bundle
Loading from disk...
This plugin was recognized by loader d3092dcf-904a-4a97-b4ca-66aed7540d57.

Loading /Applications/Adobe Media Encoder 2025/Adobe Media Encoder 2025.app/Contents/PlugIns/Common/AEFilterCorner_Pin.bundle
Loading from disk...
This plugin was recognized by loader 9ee18075-33c9-482a-b1a3-f2ab007a5a07.

Loading /Applications/Adobe Media Encoder 2025/Adobe Media Encoder 2025.app/Contents/PlugIns/Common/AEFilterEllipse.bundle
Loading from disk...
This plugin was recognized by loader 9ee18075-33c9-482a-b1a3-f2ab007a5a07.

Loading /Applications/Adobe Media Encoder 2025/Adobe Media Encoder 2025.app/Contents/PlugIns/Common/AEFilterBasic_3D.bundle
Loading from disk...
This plugin was recognized by loader 9ee18075-33c9-482a-b1a3-f2ab007a5a07.

Loading /Applications/Adobe Media Encoder 2025/Adobe Media Encoder 2025.app/Contents/PlugIns/Common/AEFilterNonAdditiveDissolve.bundle
Loading from disk...
This plugin was recognized by loader 9ee18075-33c9-482a-b1a3-f2ab007a5a07.

Loading /Applications/Adobe Media Encoder 2025/Adobe Media Encoder 2025.app/Contents/PlugIns/Common/PremiereFiltersMetaPlugin.prmp

Loading /Applications/Adobe Media Encoder 2025/Adobe Media Encoder 2025.app/Contents/PlugIns/Common/ImporterTiff.bundle
Loading from disk...
This plugin was recognized by loader ba1058cd-0007-44e4-bf1a-0ef51307b979.

Loading /Applications/Adobe Media Encoder 2025/Adobe Media Encoder 2025.app/Contents/PlugIns/Common/ImporterPhotoshopProxy.bundle
Loading from disk...
This plugin was recognized by loader ba1058cd-0007-44e4-bf1a-0ef51307b979.

Loading /Applications/Adobe Media Encoder 2025/Adobe Media Encoder 2025.app/Contents/PlugIns/Common/AEFilterDrop_Shadow.bundle
Loading from disk...
This plugin was recognized by loader 9ee18075-33c9-482a-b1a3-f2ab007a5a07.

Loading /Applications/Adobe Media Encoder 2025/Adobe Media Encoder 2025.app/Contents/PlugIns/Common/AEFilterHorizontalFlip.bundle
Loading from disk...
This plugin was recognized by loader 9ee18075-33c9-482a-b1a3-f2ab007a5a07.

Loading /Applications/Adobe Media Encoder 2025/Adobe Media Encoder 2025.app/Contents/PlugIns/Common/AEFilterMosaic.bundle
Loading from disk...
This plugin was recognized by loader 9ee18075-33c9-482a-b1a3-f2ab007a5a07.

Loading /Applications/Adobe Media Encoder 2025/Adobe Media Encoder 2025.app/Contents/PlugIns/Common/AEFilterColorsQuad.bundle
Loading from disk...
This plugin was recognized by loader 9ee18075-33c9-482a-b1a3-f2ab007a5a07.

Loading /Applications/Adobe Media Encoder 2025/Adobe Media Encoder 2025.app/Contents/PlugIns/Common/AEFilterTimecode.bundle
Loading from disk...
This plugin was recognized by loader 9ee18075-33c9-482a-b1a3-f2ab007a5a07.

Loading /Applications/Adobe Media Encoder 2025/Adobe Media Encoder 2025.app/Contents/PlugIns/Common/AEFilterThreshold.bundle
Loading from disk...
This plugin was recognized by loader 9ee18075-33c9-482a-b1a3-f2ab007a5a07.
This plugin was recognized by loader 9ee18075-33c9-482a-b1a3-f2ab007a5a07.

Loading /Applications/Adobe Media Encoder 2025/Adobe Media Encoder 2025.app/Contents/PlugIns/Common/AEFilterVRRandomBlocks.bundle
Loading from disk...
This plugin was recognized by loader 624e610b-0372-4082-b625-73865c15932b.
This plugin was recognized by loader 9ee18075-33c9-482a-b1a3-f2ab007a5a07.

Loading /Applications/Adobe Media Encoder 2025/Adobe Media Encoder 2025.app/Contents/PlugIns/Common/AEFilterWrite_on.bundle
Loading from disk...
This plugin was recognized by loader 9ee18075-33c9-482a-b1a3-f2ab007a5a07.

Loading /Applications/Adobe Media Encoder 2025/Adobe Media Encoder 2025.app/Contents/PlugIns/Common/AEFilterDipToBlack.bundle
Loading from disk...
This plugin was recognized by loader 9ee18075-33c9-482a-b1a3-f2ab007a5a07.

Loading /Applications/Adobe Media Encoder 2025/Adobe Media Encoder 2025.app/Contents/PlugIns/Common/ImporterMP3.bundle
Loading from disk...
This plugin was recognized by loader ba1058cd-0007-44e4-bf1a-0ef51307b979.

Loading /Applications/Adobe Media Encoder 2025/Adobe Media Encoder 2025.app/Contents/PlugIns/Common/AEFilterGarbageMatte.bundle
Loading from disk...
No loaders recognized this plugin, so the plugin is set to Ignore.

Loading /Applications/Adobe Media Encoder 2025/Adobe Media Encoder 2025.app/Contents/PlugIns/Common/AEFilterVRFractalNoise.bundle
Loading from disk...
This plugin was recognized by loader 624e610b-0372-4082-b625-73865c15932b.
This plugin was recognized by loader 9ee18075-33c9-482a-b1a3-f2ab007a5a07.

Loading /Applications/Adobe Media Encoder 2025/Adobe Media Encoder 2025.app/Contents/PlugIns/Common/AEFilterStrobe_Light.bundle
Loading from disk...
This plugin was recognized by loader 9ee18075-33c9-482a-b1a3-f2ab007a5a07.

Loading /Applications/Adobe Media Encoder 2025/Adobe Media Encoder 2025.app/Contents/PlugIns/Common/AEFilterRadialShadow.bundle
Loading from disk...
This plugin was recognized by loader 9ee18075-33c9-482a-b1a3-f2ab007a5a07.

Loading /Applications/Adobe Media Encoder 2025/Adobe Media Encoder 2025.app/Contents/PlugIns/Common/AEFilterVRSharpen.bundle
Loading from disk...
This plugin was recognized by loader 624e610b-0372-4082-b625-73865c15932b.
This plugin was recognized by loader 9ee18075-33c9-482a-b1a3-f2ab007a5a07.

Loading /Applications/Adobe Media Encoder 2025/Adobe Media Encoder 2025.app/Contents/PlugIns/Common/AEFilterVRDigitalGlitch.bundle
Loading from disk...
This plugin was recognized by loader 624e610b-0372-4082-b625-73865c15932b.
This plugin was recognized by loader 9ee18075-33c9-482a-b1a3-f2ab007a5a07.

Loading /Applications/Adobe Media Encoder 2025/Adobe Media Encoder 2025.app/Contents/PlugIns/Common/AEFilterColor_Key.bundle
Loading from disk...
This plugin was recognized by loader 9ee18075-33c9-482a-b1a3-f2ab007a5a07.

Loading /Applications/Adobe Media Encoder 2025/Adobe Media Encoder 2025.app/Contents/PlugIns/Common/ImporterColorMatte.bundle
Loading from disk...
This plugin was recognized by loader ba1058cd-0007-44e4-bf1a-0ef51307b979.

Loading /Applications/Adobe Media Encoder 2025/Adobe Media Encoder 2025.app/Contents/PlugIns/Common/AEFilterColor_Balance_2.bundle
Loading from disk...
No loaders recognized this plugin, so the plugin is set to Ignore.

Loading /Applications/Adobe Media Encoder 2025/Adobe Media Encoder 2025.app/Contents/PlugIns/Common/ExporterMXF.bundle
Loading from disk...
This plugin was recognized by loader d3092dcf-904a-4a97-b4ca-66aed7540d57.
This plugin was recognized by loader d3092dcf-904a-4a97-b4ca-66aed7540d57.
This plugin was recognized by loader d3092dcf-904a-4a97-b4ca-66aed7540d57.

Loading /Applications/Adobe Media Encoder 2025/Adobe Media Encoder 2025.app/Contents/PlugIns/Common/AEFilterBrush_Strokes.bundle
Loading from disk...
This plugin was recognized by loader 9ee18075-33c9-482a-b1a3-f2ab007a5a07.

Loading /Applications/Adobe Media Encoder 2025/Adobe Media Encoder 2025.app/Contents/PlugIns/Common/AEFilterBarnDoors.bundle
Loading from disk...
This plugin was recognized by loader 9ee18075-33c9-482a-b1a3-f2ab007a5a07.

Loading /Applications/Adobe Media Encoder 2025/Adobe Media Encoder 2025.app/Contents/PlugIns/Common/CinemaDNGSourceSettings.bundle
Loading from disk...
No loaders recognized this plugin, so the plugin is set to Ignore.

Loading /Applications/Adobe Media Encoder 2025/Adobe Media Encoder 2025.app/Contents/PlugIns/Common/PlayerMediaCore.bundle
Loading from disk...
This plugin was recognized by loader 1b5bc335-92e5-4479-bd38-d18bedec69b2.
This plugin was recognized by loader c9936cb9-1979-48c8-bf22-dbe0ec323274.

Loading /Applications/Adobe Media Encoder 2025/Adobe Media Encoder 2025.app/Contents/PlugIns/Common/AEFilterColorShift.bundle
Loading from disk...
This plugin was recognized by loader 9ee18075-33c9-482a-b1a3-f2ab007a5a07.

Loading /Applications/Adobe Media Encoder 2025/Adobe Media Encoder 2025.app/Contents/PlugIns/Common/AEFilterMorphCut.bundle
Loading from disk...
This plugin was recognized by loader 624e610b-0372-4082-b625-73865c15932b.
This plugin was recognized by loader 9ee18075-33c9-482a-b1a3-f2ab007a5a07.

Loading /Applications/Adobe Media Encoder 2025/Adobe Media Encoder 2025.app/Contents/PlugIns/Common/AEFilterStabilizer.bundle
Loading from disk...
This plugin was recognized by loader 9ee18075-33c9-482a-b1a3-f2ab007a5a07.

Loading /Applications/Adobe Media Encoder 2025/Adobe Media Encoder 2025.app/Contents/PlugIns/Common/AEFilterVRChromaticAberration.bundle
Loading from disk...
This plugin was recognized by loader 624e610b-0372-4082-b625-73865c15932b.
This plugin was recognized by loader 9ee18075-33c9-482a-b1a3-f2ab007a5a07.

Loading /Applications/Adobe Media Encoder 2025/Adobe Media Encoder 2025.app/Contents/PlugIns/Common/AEFilterChannel_Blur.bundle
Loading from disk...
This plugin was recognized by loader 9ee18075-33c9-482a-b1a3-f2ab007a5a07.

Loading /Applications/Adobe Media Encoder 2025/Adobe Media Encoder 2025.app/Contents/PlugIns/Common/ImporterTransparentMatte.bundle
Loading from disk...
This plugin was recognized by loader ba1058cd-0007-44e4-bf1a-0ef51307b979.

Loading /Applications/Adobe Media Encoder 2025/Adobe Media Encoder 2025.app/Contents/PlugIns/Common/AEFilterVRProjection.bundle
Loading from disk...
This plugin was recognized by loader 9ee18075-33c9-482a-b1a3-f2ab007a5a07.

Loading /Applications/Adobe Media Encoder 2025/Adobe Media Encoder 2025.app/Contents/PlugIns/Common/AEFilterColorSpaceTransform.bundle
Loading from disk...
This plugin was recognized by loader 624e610b-0372-4082-b625-73865c15932b.
This plugin was recognized by loader 9ee18075-33c9-482a-b1a3-f2ab007a5a07.

Loading /Applications/Adobe Media Encoder 2025/Adobe Media Encoder 2025.app/Contents/PlugIns/Common/AEFilterSolidComposite.bundle
Loading from disk...
This plugin was recognized by loader 9ee18075-33c9-482a-b1a3-f2ab007a5a07.

Loading /Applications/Adobe Media Encoder 2025/Adobe Media Encoder 2025.app/Contents/PlugIns/Common/AEFilterLumaCurve.bundle
Loading from disk...
No loaders recognized this plugin, so the plugin is set to Ignore.

Loading /Applications/Adobe Media Encoder 2025/Adobe Media Encoder 2025.app/Contents/PlugIns/Common/AEFilterDust.bundle
Loading from disk...
This plugin was recognized by loader 9ee18075-33c9-482a-b1a3-f2ab007a5a07.

Loading /Applications/Adobe Media Encoder 2025/Adobe Media Encoder 2025.app/Contents/PlugIns/Common/ImporterARRIRAW.bundle
Loading from disk...
This plugin was recognized by loader ba1058cd-0007-44e4-bf1a-0ef51307b979.

Loading /Applications/Adobe Media Encoder 2025/Adobe Media Encoder 2025.app/Contents/PlugIns/Common/AEFilterSimpleText.bundle
Loading from disk...
This plugin was recognized by loader 9ee18075-33c9-482a-b1a3-f2ab007a5a07.

Loading /Applications/Adobe Media Encoder 2025/Adobe Media Encoder 2025.app/Contents/PlugIns/Common/AEFilterTrackMatteKey.bundle
Loading from disk...
This plugin was recognized by loader 9ee18075-33c9-482a-b1a3-f2ab007a5a07.

Loading /Applications/Adobe Media Encoder 2025/Adobe Media Encoder 2025.app/Contents/PlugIns/Common/AEFilterImageMatteKey.bundle
Loading from disk...
This plugin was recognized by loader 9ee18075-33c9-482a-b1a3-f2ab007a5a07.

Loading /Applications/Adobe Media Encoder 2025/Adobe Media Encoder 2025.app/Contents/PlugIns/Common/AEFilterNoiseAlpha.bundle
Loading from disk...
This plugin was recognized by loader 9ee18075-33c9-482a-b1a3-f2ab007a5a07.
This plugin was recognized by loader 9ee18075-33c9-482a-b1a3-f2ab007a5a07.

Loading /Applications/Adobe Media Encoder 2025/Adobe Media Encoder 2025.app/Contents/PlugIns/Common/AEFilterAutoReframe.bundle
Loading from disk...
This plugin was recognized by loader 624e610b-0372-4082-b625-73865c15932b.
This plugin was recognized by loader 9ee18075-33c9-482a-b1a3-f2ab007a5a07.

Loading /Applications/Adobe Media Encoder 2025/Adobe Media Encoder 2025.app/Contents/PlugIns/Common/ImporterSensorManager.bundle
Loading from disk...
This plugin was recognized by loader ba1058cd-0007-44e4-bf1a-0ef51307b979.

Loading /Applications/Adobe Media Encoder 2025/Adobe Media Encoder 2025.app/Contents/PlugIns/Common/ImporterWave.bundle
Loading from disk...
This plugin was recognized by loader ba1058cd-0007-44e4-bf1a-0ef51307b979.

Loading /Applications/Adobe Media Encoder 2025/Adobe Media Encoder 2025.app/Contents/PlugIns/Common/AEFilterGraphicSubGroup.bundle
Loading from disk...
This plugin was recognized by loader 9ee18075-33c9-482a-b1a3-f2ab007a5a07.

Loading /Applications/Adobe Media Encoder 2025/Adobe Media Encoder 2025.app/Contents/PlugIns/Common/AEFilterCompound_Arith.bundle
Loading from disk...
This plugin was recognized by loader 9ee18075-33c9-482a-b1a3-f2ab007a5a07.

Loading /Applications/Adobe Media Encoder 2025/Adobe Media Encoder 2025.app/Contents/PlugIns/Common/ImporterAIEPS.bundle
Loading from disk...
This plugin was recognized by loader ba1058cd-0007-44e4-bf1a-0ef51307b979.

Loading /Applications/Adobe Media Encoder 2025/Adobe Media Encoder 2025.app/Contents/PlugIns/Common/AEFilterEdgeFeather.bundle
Loading from disk...
This plugin was recognized by loader 9ee18075-33c9-482a-b1a3-f2ab007a5a07.

Loading /Applications/Adobe Media Encoder 2025/Adobe Media Encoder 2025.app/Contents/PlugIns/Common/ExporterMPEG2.bundle
Loading from disk...
This plugin was recognized by loader d3092dcf-904a-4a97-b4ca-66aed7540d57.
This plugin was recognized by loader d3092dcf-904a-4a97-b4ca-66aed7540d57.
This plugin was recognized by loader d3092dcf-904a-4a97-b4ca-66aed7540d57.

Loading /Applications/Adobe Media Encoder 2025/Adobe Media Encoder 2025.app/Contents/PlugIns/Common/ImporterDPX.bundle
Loading from disk...
This plugin was recognized by loader ba1058cd-0007-44e4-bf1a-0ef51307b979.

Loading /Applications/Adobe Media Encoder 2025/Adobe Media Encoder 2025.app/Contents/PlugIns/Common/AEFilterInvert.bundle
Loading from disk...
This plugin was recognized by loader 9ee18075-33c9-482a-b1a3-f2ab007a5a07.

Loading /Applications/Adobe Media Encoder 2025/Adobe Media Encoder 2025.app/Contents/PlugIns/Common/ArriRawSourceSettings.bundle
Loading from disk...
This plugin was recognized by loader 9ee18075-33c9-482a-b1a3-f2ab007a5a07.

Loading /Applications/Adobe Media Encoder 2025/Adobe Media Encoder 2025.app/Contents/PlugIns/Common/AEFilterColorAndContrast.bundle
Loading from disk...
This plugin was recognized by loader 9ee18075-33c9-482a-b1a3-f2ab007a5a07.

Loading /Applications/Adobe Media Encoder 2025/Adobe Media Encoder 2025.app/Contents/PlugIns/Common/AEFilterBlend.bundle
Loading from disk...
This plugin was recognized by loader 9ee18075-33c9-482a-b1a3-f2ab007a5a07.

Loading /Applications/Adobe Media Encoder 2025/Adobe Media Encoder 2025.app/Contents/PlugIns/Common/AEFilterTexturize.bundle
Loading from disk...
This plugin was recognized by loader 9ee18075-33c9-482a-b1a3-f2ab007a5a07.

Loading /Applications/Adobe Media Encoder 2025/Adobe Media Encoder 2025.app/Contents/PlugIns/Common/ExporterQuickTimeHost.bundle
Loading from disk...
This plugin was recognized by loader d3092dcf-904a-4a97-b4ca-66aed7540d57.

Loading /Applications/Adobe Media Encoder 2025/Adobe Media Encoder 2025.app/Contents/PlugIns/Common/ImporterQuickTime.bundle
Loading from disk...
This plugin was recognized by loader ba1058cd-0007-44e4-bf1a-0ef51307b979.

Loading from root path: /Library/Application Support/Adobe/Common/Plug-ins/7.0/MediaCore
Scanning for the following file types: *.bundle, *.plugin, *.prmp, *.vst

Begin PluginNameList::AddFolder /Library/Application Support/Adobe/Common/Plug-ins/7.0/MediaCore 0
PluginNameList::AddFilePath - added "/Library/Application Support/Adobe/Common/Plug-ins/7.0/MediaCore/Public/AEXD.plugin" 0
Finished PluginNameList::AddFolder /Library/Application Support/Adobe/Common/Plug-ins/7.0/MediaCore 0
Scanning /Library/Application Support/Adobe/Common/Plug-ins/7.0/MediaCore and sub-directories

Loading /Library/Application Support/Adobe/Common/Plug-ins/7.0/MediaCore/Public/AEXD.plugin
Loading from disk...
No loaders recognized this plugin, so the plugin is set to Ignore.

Loading from root path: /Users/davidbastida/Library/Application Support/Adobe/Common/Plug-ins/7.0/MediaCore
Scanning for the following file types: *.bundle, *.plugin, *.prmp, *.vst

Begin PluginNameList::AddFolder /Users/davidbastida/Library/Application Support/Adobe/Common/Plug-ins/7.0/MediaCore 0
PluginNameList::AddFilePath - added "/Users/davidbastida/Library/Application Support/Adobe/Common/Plug-ins/7.0/MediaCore/MisterHorse/AnimationComposer3/AnimationComposer3.plugin" 0
Finished PluginNameList::AddFolder /Users/davidbastida/Library/Application Support/Adobe/Common/Plug-ins/7.0/MediaCore 0
Scanning /Users/davidbastida/Library/Application Support/Adobe/Common/Plug-ins/7.0/MediaCore and sub-directories

Loading /Users/davidbastida/Library/Application Support/Adobe/Common/Plug-ins/7.0/MediaCore/MisterHorse/AnimationComposer3/AnimationComposer3.plugin
Loading from disk...
No loaders recognized this plugin, so the plugin is set to Ignore.

